CRITICAL - 2023-06-10 20:38:33 --> Undefined index: HTTP_USER_AGENT
#0 /home/modvipxy/aloneboy.modvip.xyz/app/Views/Auth/login.php(36): CodeIgniter\Debug\Exceptions->errorHandler(8, 'Undefined index...', '/home/modvipxy/...', 36, Array)
#1 /home/modvipxy/aloneboy.modvip.xyz/vendor/codeigniter4/framework/system/View/View.php(214): include('/home/modvipxy/...')
#2 /home/modvipxy/aloneboy.modvip.xyz/vendor/codeigniter4/framework/system/View/View.php(217): CodeIgniter\View\View->CodeIgniter\View\{closure}()
#3 /home/modvipxy/aloneboy.modvip.xyz/vendor/codeigniter4/framework/system/Common.php(1097): CodeIgniter\View\View->render('Auth/login', Array, true)
#4 /home/modvipxy/aloneboy.modvip.xyz/app/Controllers/Auth.php(37): view('Auth/login', Array)
#5 /home/modvipxy/aloneboy.modvip.xyz/vendor/codeigniter4/framework/system/CodeIgniter.php(824): App\Controllers\Auth->login()
#6 /home/modvipxy/aloneboy.modvip.xyz/vendor/codeigniter4/framework/system/CodeIgniter.php(410): CodeIgniter\CodeIgniter->runController(Object(App\Controllers\Auth))
#7 /home/modvipxy/aloneboy.modvip.xyz/vendor/codeigniter4/framework/system/CodeIgniter.php(318): CodeIgniter\CodeIgniter->handleRequest(NULL, Object(Config\Cache), false)
#8 /home/modvipxy/aloneboy.modvip.xyz/index.php(37): CodeIgniter\CodeIgniter->run()
#9 {main}
CRITICAL - 2023-06-10 20:38:33 --> Undefined index: HTTP_USER_AGENT
#0 /home/modvipxy/aloneboy.modvip.xyz/app/Views/Auth/login.php(36): CodeIgniter\Debug\Exceptions->errorHandler(8, 'Undefined index...', '/home/modvipxy/...', 36, Array)
#1 /home/modvipxy/aloneboy.modvip.xyz/vendor/codeigniter4/framework/system/View/View.php(214): include('/home/modvipxy/...')
#2 /home/modvipxy/aloneboy.modvip.xyz/vendor/codeigniter4/framework/system/View/View.php(217): CodeIgniter\View\View->CodeIgniter\View\{closure}()
#3 /home/modvipxy/aloneboy.modvip.xyz/vendor/codeigniter4/framework/system/Common.php(1097): CodeIgniter\View\View->render('Auth/login', Array, true)
#4 /home/modvipxy/aloneboy.modvip.xyz/app/Controllers/Auth.php(37): view('Auth/login', Array)
#5 /home/modvipxy/aloneboy.modvip.xyz/vendor/codeigniter4/framework/system/CodeIgniter.php(824): App\Controllers\Auth->login()
#6 /home/modvipxy/aloneboy.modvip.xyz/vendor/codeigniter4/framework/system/CodeIgniter.php(410): CodeIgniter\CodeIgniter->runController(Object(App\Controllers\Auth))
#7 /home/modvipxy/aloneboy.modvip.xyz/vendor/codeigniter4/framework/system/CodeIgniter.php(318): CodeIgniter\CodeIgniter->handleRequest(NULL, Object(Config\Cache), false)
#8 /home/modvipxy/aloneboy.modvip.xyz/index.php(37): CodeIgniter\CodeIgniter->run()
#9 {main}
CRITICAL - 2023-06-10 20:38:34 --> Undefined index: HTTP_USER_AGENT
#0 /home/modvipxy/aloneboy.modvip.xyz/app/Views/Auth/login.php(36): CodeIgniter\Debug\Exceptions->errorHandler(8, 'Undefined index...', '/home/modvipxy/...', 36, Array)
#1 /home/modvipxy/aloneboy.modvip.xyz/vendor/codeigniter4/framework/system/View/View.php(214): include('/home/modvipxy/...')
#2 /home/modvipxy/aloneboy.modvip.xyz/vendor/codeigniter4/framework/system/View/View.php(217): CodeIgniter\View\View->CodeIgniter\View\{closure}()
#3 /home/modvipxy/aloneboy.modvip.xyz/vendor/codeigniter4/framework/system/Common.php(1097): CodeIgniter\View\View->render('Auth/login', Array, true)
#4 /home/modvipxy/aloneboy.modvip.xyz/app/Controllers/Auth.php(37): view('Auth/login', Array)
#5 /home/modvipxy/aloneboy.modvip.xyz/vendor/codeigniter4/framework/system/CodeIgniter.php(824): App\Controllers\Auth->login()
#6 /home/modvipxy/aloneboy.modvip.xyz/vendor/codeigniter4/framework/system/CodeIgniter.php(410): CodeIgniter\CodeIgniter->runController(Object(App\Controllers\Auth))
#7 /home/modvipxy/aloneboy.modvip.xyz/vendor/codeigniter4/framework/system/CodeIgniter.php(318): CodeIgniter\CodeIgniter->handleRequest(NULL, Object(Config\Cache), false)
#8 /home/modvipxy/aloneboy.modvip.xyz/index.php(37): CodeIgniter\CodeIgniter->run()
#9 {main}
CRITICAL - 2023-06-10 20:38:34 --> Undefined index: HTTP_USER_AGENT
#0 /home/modvipxy/aloneboy.modvip.xyz/app/Views/Auth/login.php(36): CodeIgniter\Debug\Exceptions->errorHandler(8, 'Undefined index...', '/home/modvipxy/...', 36, Array)
#1 /home/modvipxy/aloneboy.modvip.xyz/vendor/codeigniter4/framework/system/View/View.php(214): include('/home/modvipxy/...')
#2 /home/modvipxy/aloneboy.modvip.xyz/vendor/codeigniter4/framework/system/View/View.php(217): CodeIgniter\View\View->CodeIgniter\View\{closure}()
#3 /home/modvipxy/aloneboy.modvip.xyz/vendor/codeigniter4/framework/system/Common.php(1097): CodeIgniter\View\View->render('Auth/login', Array, true)
#4 /home/modvipxy/aloneboy.modvip.xyz/app/Controllers/Auth.php(37): view('Auth/login', Array)
#5 /home/modvipxy/aloneboy.modvip.xyz/vendor/codeigniter4/framework/system/CodeIgniter.php(824): App\Controllers\Auth->login()
#6 /home/modvipxy/aloneboy.modvip.xyz/vendor/codeigniter4/framework/system/CodeIgniter.php(410): CodeIgniter\CodeIgniter->runController(Object(App\Controllers\Auth))
#7 /home/modvipxy/aloneboy.modvip.xyz/vendor/codeigniter4/framework/system/CodeIgniter.php(318): CodeIgniter\CodeIgniter->handleRequest(NULL, Object(Config\Cache), false)
#8 /home/modvipxy/aloneboy.modvip.xyz/index.php(37): CodeIgniter\CodeIgniter->run()
#9 {main}
CRITICAL - 2023-06-10 20:59:31 --> syntax error, unexpected ''EXP'' (T_CONSTANT_ENCAPSED_STRING), expecting ']'
#0 /home/modvipxy/aloneboy.modvip.xyz/vendor/codeigniter4/framework/system/Autoloader/Autoloader.php(241): CodeIgniter\Autoloader\Autoloader->includeFile('/home/modvipxy/...')
#1 /home/modvipxy/aloneboy.modvip.xyz/vendor/codeigniter4/framework/system/Autoloader/Autoloader.php(219): CodeIgniter\Autoloader\Autoloader->loadInNamespace('App\\Controllers...')
#2 [internal function]: CodeIgniter\Autoloader\Autoloader->loadClass('App\\Controllers...')
#3 [internal function]: spl_autoload_call('App\\Controllers...')
#4 /home/modvipxy/aloneboy.modvip.xyz/vendor/codeigniter4/framework/system/CodeIgniter.php(789): class_exists('\\App\\Controller...', true)
#5 /home/modvipxy/aloneboy.modvip.xyz/vendor/codeigniter4/framework/system/CodeIgniter.php(397): CodeIgniter\CodeIgniter->startController()
#6 /home/modvipxy/aloneboy.modvip.xyz/vendor/codeigniter4/framework/system/CodeIgniter.php(318): CodeIgniter\CodeIgniter->handleRequest(NULL, Object(Config\Cache), false)
#7 /home/modvipxy/aloneboy.modvip.xyz/index.php(37): CodeIgniter\CodeIgniter->run()
#8 {main}
CRITICAL - 2023-06-10 20:59:32 --> syntax error, unexpected ''EXP'' (T_CONSTANT_ENCAPSED_STRING), expecting ']'
#0 /home/modvipxy/aloneboy.modvip.xyz/vendor/codeigniter4/framework/system/Autoloader/Autoloader.php(241): CodeIgniter\Autoloader\Autoloader->includeFile('/home/modvipxy/...')
#1 /home/modvipxy/aloneboy.modvip.xyz/vendor/codeigniter4/framework/system/Autoloader/Autoloader.php(219): CodeIgniter\Autoloader\Autoloader->loadInNamespace('App\\Controllers...')
#2 [internal function]: CodeIgniter\Autoloader\Autoloader->loadClass('App\\Controllers...')
#3 [internal function]: spl_autoload_call('App\\Controllers...')
#4 /home/modvipxy/aloneboy.modvip.xyz/vendor/codeigniter4/framework/system/CodeIgniter.php(789): class_exists('\\App\\Controller...', true)
#5 /home/modvipxy/aloneboy.modvip.xyz/vendor/codeigniter4/framework/system/CodeIgniter.php(397): CodeIgniter\CodeIgniter->startController()
#6 /home/modvipxy/aloneboy.modvip.xyz/vendor/codeigniter4/framework/system/CodeIgniter.php(318): CodeIgniter\CodeIgniter->handleRequest(NULL, Object(Config\Cache), false)
#7 /home/modvipxy/aloneboy.modvip.xyz/index.php(37): CodeIgniter\CodeIgniter->run()
#8 {main}
CRITICAL - 2023-06-10 20:59:34 --> syntax error, unexpected ''EXP'' (T_CONSTANT_ENCAPSED_STRING), expecting ']'
#0 /home/modvipxy/aloneboy.modvip.xyz/vendor/codeigniter4/framework/system/Autoloader/Autoloader.php(241): CodeIgniter\Autoloader\Autoloader->includeFile('/home/modvipxy/...')
#1 /home/modvipxy/aloneboy.modvip.xyz/vendor/codeigniter4/framework/system/Autoloader/Autoloader.php(219): CodeIgniter\Autoloader\Autoloader->loadInNamespace('App\\Controllers...')
#2 [internal function]: CodeIgniter\Autoloader\Autoloader->loadClass('App\\Controllers...')
#3 [internal function]: spl_autoload_call('App\\Controllers...')
#4 /home/modvipxy/aloneboy.modvip.xyz/vendor/codeigniter4/framework/system/CodeIgniter.php(789): class_exists('\\App\\Controller...', true)
#5 /home/modvipxy/aloneboy.modvip.xyz/vendor/codeigniter4/framework/system/CodeIgniter.php(397): CodeIgniter\CodeIgniter->startController()
#6 /home/modvipxy/aloneboy.modvip.xyz/vendor/codeigniter4/framework/system/CodeIgniter.php(318): CodeIgniter\CodeIgniter->handleRequest(NULL, Object(Config\Cache), false)
#7 /home/modvipxy/aloneboy.modvip.xyz/index.php(37): CodeIgniter\CodeIgniter->run()
#8 {main}
CRITICAL - 2023-06-10 20:59:35 --> syntax error, unexpected ''EXP'' (T_CONSTANT_ENCAPSED_STRING), expecting ']'
#0 /home/modvipxy/aloneboy.modvip.xyz/vendor/codeigniter4/framework/system/Autoloader/Autoloader.php(241): CodeIgniter\Autoloader\Autoloader->includeFile('/home/modvipxy/...')
#1 /home/modvipxy/aloneboy.modvip.xyz/vendor/codeigniter4/framework/system/Autoloader/Autoloader.php(219): CodeIgniter\Autoloader\Autoloader->loadInNamespace('App\\Controllers...')
#2 [internal function]: CodeIgniter\Autoloader\Autoloader->loadClass('App\\Controllers...')
#3 [internal function]: spl_autoload_call('App\\Controllers...')
#4 /home/modvipxy/aloneboy.modvip.xyz/vendor/codeigniter4/framework/system/CodeIgniter.php(789): class_exists('\\App\\Controller...', true)
#5 /home/modvipxy/aloneboy.modvip.xyz/vendor/codeigniter4/framework/system/CodeIgniter.php(397): CodeIgniter\CodeIgniter->startController()
#6 /home/modvipxy/aloneboy.modvip.xyz/vendor/codeigniter4/framework/system/CodeIgniter.php(318): CodeIgniter\CodeIgniter->handleRequest(NULL, Object(Config\Cache), false)
#7 /home/modvipxy/aloneboy.modvip.xyz/index.php(37): CodeIgniter\CodeIgniter->run()
#8 {main}
CRITICAL - 2023-06-10 20:59:37 --> syntax error, unexpected ''EXP'' (T_CONSTANT_ENCAPSED_STRING), expecting ']'
#0 /home/modvipxy/aloneboy.modvip.xyz/vendor/codeigniter4/framework/system/Autoloader/Autoloader.php(241): CodeIgniter\Autoloader\Autoloader->includeFile('/home/modvipxy/...')
#1 /home/modvipxy/aloneboy.modvip.xyz/vendor/codeigniter4/framework/system/Autoloader/Autoloader.php(219): CodeIgniter\Autoloader\Autoloader->loadInNamespace('App\\Controllers...')
#2 [internal function]: CodeIgniter\Autoloader\Autoloader->loadClass('App\\Controllers...')
#3 [internal function]: spl_autoload_call('App\\Controllers...')
#4 /home/modvipxy/aloneboy.modvip.xyz/vendor/codeigniter4/framework/system/CodeIgniter.php(789): class_exists('\\App\\Controller...', true)
#5 /home/modvipxy/aloneboy.modvip.xyz/vendor/codeigniter4/framework/system/CodeIgniter.php(397): CodeIgniter\CodeIgniter->startController()
#6 /home/modvipxy/aloneboy.modvip.xyz/vendor/codeigniter4/framework/system/CodeIgniter.php(318): CodeIgniter\CodeIgniter->handleRequest(NULL, Object(Config\Cache), false)
#7 /home/modvipxy/aloneboy.modvip.xyz/index.php(37): CodeIgniter\CodeIgniter->run()
#8 {main}
CRITICAL - 2023-06-10 20:59:39 --> syntax error, unexpected ''EXP'' (T_CONSTANT_ENCAPSED_STRING), expecting ']'
#0 /home/modvipxy/aloneboy.modvip.xyz/vendor/codeigniter4/framework/system/Autoloader/Autoloader.php(241): CodeIgniter\Autoloader\Autoloader->includeFile('/home/modvipxy/...')
#1 /home/modvipxy/aloneboy.modvip.xyz/vendor/codeigniter4/framework/system/Autoloader/Autoloader.php(219): CodeIgniter\Autoloader\Autoloader->loadInNamespace('App\\Controllers...')
#2 [internal function]: CodeIgniter\Autoloader\Autoloader->loadClass('App\\Controllers...')
#3 [internal function]: spl_autoload_call('App\\Controllers...')
#4 /home/modvipxy/aloneboy.modvip.xyz/vendor/codeigniter4/framework/system/CodeIgniter.php(789): class_exists('\\App\\Controller...', true)
#5 /home/modvipxy/aloneboy.modvip.xyz/vendor/codeigniter4/framework/system/CodeIgniter.php(397): CodeIgniter\CodeIgniter->startController()
#6 /home/modvipxy/aloneboy.modvip.xyz/vendor/codeigniter4/framework/system/CodeIgniter.php(318): CodeIgniter\CodeIgniter->handleRequest(NULL, Object(Config\Cache), false)
#7 /home/modvipxy/aloneboy.modvip.xyz/index.php(37): CodeIgniter\CodeIgniter->run()
#8 {main}
CRITICAL - 2023-06-10 20:59:40 --> syntax error, unexpected ''EXP'' (T_CONSTANT_ENCAPSED_STRING), expecting ']'
#0 /home/modvipxy/aloneboy.modvip.xyz/vendor/codeigniter4/framework/system/Autoloader/Autoloader.php(241): CodeIgniter\Autoloader\Autoloader->includeFile('/home/modvipxy/...')
#1 /home/modvipxy/aloneboy.modvip.xyz/vendor/codeigniter4/framework/system/Autoloader/Autoloader.php(219): CodeIgniter\Autoloader\Autoloader->loadInNamespace('App\\Controllers...')
#2 [internal function]: CodeIgniter\Autoloader\Autoloader->loadClass('App\\Controllers...')
#3 [internal function]: spl_autoload_call('App\\Controllers...')
#4 /home/modvipxy/aloneboy.modvip.xyz/vendor/codeigniter4/framework/system/CodeIgniter.php(789): class_exists('\\App\\Controller...', true)
#5 /home/modvipxy/aloneboy.modvip.xyz/vendor/codeigniter4/framework/system/CodeIgniter.php(397): CodeIgniter\CodeIgniter->startController()
#6 /home/modvipxy/aloneboy.modvip.xyz/vendor/codeigniter4/framework/system/CodeIgniter.php(318): CodeIgniter\CodeIgniter->handleRequest(NULL, Object(Config\Cache), false)
#7 /home/modvipxy/aloneboy.modvip.xyz/index.php(37): CodeIgniter\CodeIgniter->run()
#8 {main}
CRITICAL - 2023-06-10 20:59:41 --> syntax error, unexpected ''EXP'' (T_CONSTANT_ENCAPSED_STRING), expecting ']'
#0 /home/modvipxy/aloneboy.modvip.xyz/vendor/codeigniter4/framework/system/Autoloader/Autoloader.php(241): CodeIgniter\Autoloader\Autoloader->includeFile('/home/modvipxy/...')
#1 /home/modvipxy/aloneboy.modvip.xyz/vendor/codeigniter4/framework/system/Autoloader/Autoloader.php(219): CodeIgniter\Autoloader\Autoloader->loadInNamespace('App\\Controllers...')
#2 [internal function]: CodeIgniter\Autoloader\Autoloader->loadClass('App\\Controllers...')
#3 [internal function]: spl_autoload_call('App\\Controllers...')
#4 /home/modvipxy/aloneboy.modvip.xyz/vendor/codeigniter4/framework/system/CodeIgniter.php(789): class_exists('\\App\\Controller...', true)
#5 /home/modvipxy/aloneboy.modvip.xyz/vendor/codeigniter4/framework/system/CodeIgniter.php(397): CodeIgniter\CodeIgniter->startController()
#6 /home/modvipxy/aloneboy.modvip.xyz/vendor/codeigniter4/framework/system/CodeIgniter.php(318): CodeIgniter\CodeIgniter->handleRequest(NULL, Object(Config\Cache), false)
#7 /home/modvipxy/aloneboy.modvip.xyz/index.php(37): CodeIgniter\CodeIgniter->run()
#8 {main}
CRITICAL - 2023-06-10 20:59:42 --> syntax error, unexpected ''EXP'' (T_CONSTANT_ENCAPSED_STRING), expecting ']'
#0 /home/modvipxy/aloneboy.modvip.xyz/vendor/codeigniter4/framework/system/Autoloader/Autoloader.php(241): CodeIgniter\Autoloader\Autoloader->includeFile('/home/modvipxy/...')
#1 /home/modvipxy/aloneboy.modvip.xyz/vendor/codeigniter4/framework/system/Autoloader/Autoloader.php(219): CodeIgniter\Autoloader\Autoloader->loadInNamespace('App\\Controllers...')
#2 [internal function]: CodeIgniter\Autoloader\Autoloader->loadClass('App\\Controllers...')
#3 [internal function]: spl_autoload_call('App\\Controllers...')
#4 /home/modvipxy/aloneboy.modvip.xyz/vendor/codeigniter4/framework/system/CodeIgniter.php(789): class_exists('\\App\\Controller...', true)
#5 /home/modvipxy/aloneboy.modvip.xyz/vendor/codeigniter4/framework/system/CodeIgniter.php(397): CodeIgniter\CodeIgniter->startController()
#6 /home/modvipxy/aloneboy.modvip.xyz/vendor/codeigniter4/framework/system/CodeIgniter.php(318): CodeIgniter\CodeIgniter->handleRequest(NULL, Object(Config\Cache), false)
#7 /home/modvipxy/aloneboy.modvip.xyz/index.php(37): CodeIgniter\CodeIgniter->run()
#8 {main}
CRITICAL - 2023-06-10 20:59:42 --> syntax error, unexpected ''EXP'' (T_CONSTANT_ENCAPSED_STRING), expecting ']'
#0 /home/modvipxy/aloneboy.modvip.xyz/vendor/codeigniter4/framework/system/Autoloader/Autoloader.php(241): CodeIgniter\Autoloader\Autoloader->includeFile('/home/modvipxy/...')
#1 /home/modvipxy/aloneboy.modvip.xyz/vendor/codeigniter4/framework/system/Autoloader/Autoloader.php(219): CodeIgniter\Autoloader\Autoloader->loadInNamespace('App\\Controllers...')
#2 [internal function]: CodeIgniter\Autoloader\Autoloader->loadClass('App\\Controllers...')
#3 [internal function]: spl_autoload_call('App\\Controllers...')
#4 /home/modvipxy/aloneboy.modvip.xyz/vendor/codeigniter4/framework/system/CodeIgniter.php(789): class_exists('\\App\\Controller...', true)
#5 /home/modvipxy/aloneboy.modvip.xyz/vendor/codeigniter4/framework/system/CodeIgniter.php(397): CodeIgniter\CodeIgniter->startController()
#6 /home/modvipxy/aloneboy.modvip.xyz/vendor/codeigniter4/framework/system/CodeIgniter.php(318): CodeIgniter\CodeIgniter->handleRequest(NULL, Object(Config\Cache), false)
#7 /home/modvipxy/aloneboy.modvip.xyz/index.php(37): CodeIgniter\CodeIgniter->run()
#8 {main}
CRITICAL - 2023-06-10 20:59:43 --> syntax error, unexpected ''EXP'' (T_CONSTANT_ENCAPSED_STRING), expecting ']'
#0 /home/modvipxy/aloneboy.modvip.xyz/vendor/codeigniter4/framework/system/Autoloader/Autoloader.php(241): CodeIgniter\Autoloader\Autoloader->includeFile('/home/modvipxy/...')
#1 /home/modvipxy/aloneboy.modvip.xyz/vendor/codeigniter4/framework/system/Autoloader/Autoloader.php(219): CodeIgniter\Autoloader\Autoloader->loadInNamespace('App\\Controllers...')
#2 [internal function]: CodeIgniter\Autoloader\Autoloader->loadClass('App\\Controllers...')
#3 [internal function]: spl_autoload_call('App\\Controllers...')
#4 /home/modvipxy/aloneboy.modvip.xyz/vendor/codeigniter4/framework/system/CodeIgniter.php(789): class_exists('\\App\\Controller...', true)
#5 /home/modvipxy/aloneboy.modvip.xyz/vendor/codeigniter4/framework/system/CodeIgniter.php(397): CodeIgniter\CodeIgniter->startController()
#6 /home/modvipxy/aloneboy.modvip.xyz/vendor/codeigniter4/framework/system/CodeIgniter.php(318): CodeIgniter\CodeIgniter->handleRequest(NULL, Object(Config\Cache), false)
#7 /home/modvipxy/aloneboy.modvip.xyz/index.php(37): CodeIgniter\CodeIgniter->run()
#8 {main}
CRITICAL - 2023-06-10 20:59:44 --> syntax error, unexpected ''EXP'' (T_CONSTANT_ENCAPSED_STRING), expecting ']'
#0 /home/modvipxy/aloneboy.modvip.xyz/vendor/codeigniter4/framework/system/Autoloader/Autoloader.php(241): CodeIgniter\Autoloader\Autoloader->includeFile('/home/modvipxy/...')
#1 /home/modvipxy/aloneboy.modvip.xyz/vendor/codeigniter4/framework/system/Autoloader/Autoloader.php(219): CodeIgniter\Autoloader\Autoloader->loadInNamespace('App\\Controllers...')
#2 [internal function]: CodeIgniter\Autoloader\Autoloader->loadClass('App\\Controllers...')
#3 [internal function]: spl_autoload_call('App\\Controllers...')
#4 /home/modvipxy/aloneboy.modvip.xyz/vendor/codeigniter4/framework/system/CodeIgniter.php(789): class_exists('\\App\\Controller...', true)
#5 /home/modvipxy/aloneboy.modvip.xyz/vendor/codeigniter4/framework/system/CodeIgniter.php(397): CodeIgniter\CodeIgniter->startController()
#6 /home/modvipxy/aloneboy.modvip.xyz/vendor/codeigniter4/framework/system/CodeIgniter.php(318): CodeIgniter\CodeIgniter->handleRequest(NULL, Object(Config\Cache), false)
#7 /home/modvipxy/aloneboy.modvip.xyz/index.php(37): CodeIgniter\CodeIgniter->run()
#8 {main}
CRITICAL - 2023-06-10 20:59:46 --> syntax error, unexpected ''EXP'' (T_CONSTANT_ENCAPSED_STRING), expecting ']'
#0 /home/modvipxy/aloneboy.modvip.xyz/vendor/codeigniter4/framework/system/Autoloader/Autoloader.php(241): CodeIgniter\Autoloader\Autoloader->includeFile('/home/modvipxy/...')
#1 /home/modvipxy/aloneboy.modvip.xyz/vendor/codeigniter4/framework/system/Autoloader/Autoloader.php(219): CodeIgniter\Autoloader\Autoloader->loadInNamespace('App\\Controllers...')
#2 [internal function]: CodeIgniter\Autoloader\Autoloader->loadClass('App\\Controllers...')
#3 [internal function]: spl_autoload_call('App\\Controllers...')
#4 /home/modvipxy/aloneboy.modvip.xyz/vendor/codeigniter4/framework/system/CodeIgniter.php(789): class_exists('\\App\\Controller...', true)
#5 /home/modvipxy/aloneboy.modvip.xyz/vendor/codeigniter4/framework/system/CodeIgniter.php(397): CodeIgniter\CodeIgniter->startController()
#6 /home/modvipxy/aloneboy.modvip.xyz/vendor/codeigniter4/framework/system/CodeIgniter.php(318): CodeIgniter\CodeIgniter->handleRequest(NULL, Object(Config\Cache), false)
#7 /home/modvipxy/aloneboy.modvip.xyz/index.php(37): CodeIgniter\CodeIgniter->run()
#8 {main}
CRITICAL - 2023-06-10 20:59:47 --> syntax error, unexpected ''EXP'' (T_CONSTANT_ENCAPSED_STRING), expecting ']'
#0 /home/modvipxy/aloneboy.modvip.xyz/vendor/codeigniter4/framework/system/Autoloader/Autoloader.php(241): CodeIgniter\Autoloader\Autoloader->includeFile('/home/modvipxy/...')
#1 /home/modvipxy/aloneboy.modvip.xyz/vendor/codeigniter4/framework/system/Autoloader/Autoloader.php(219): CodeIgniter\Autoloader\Autoloader->loadInNamespace('App\\Controllers...')
#2 [internal function]: CodeIgniter\Autoloader\Autoloader->loadClass('App\\Controllers...')
#3 [internal function]: spl_autoload_call('App\\Controllers...')
#4 /home/modvipxy/aloneboy.modvip.xyz/vendor/codeigniter4/framework/system/CodeIgniter.php(789): class_exists('\\App\\Controller...', true)
#5 /home/modvipxy/aloneboy.modvip.xyz/vendor/codeigniter4/framework/system/CodeIgniter.php(397): CodeIgniter\CodeIgniter->startController()
#6 /home/modvipxy/aloneboy.modvip.xyz/vendor/codeigniter4/framework/system/CodeIgniter.php(318): CodeIgniter\CodeIgniter->handleRequest(NULL, Object(Config\Cache), false)
#7 /home/modvipxy/aloneboy.modvip.xyz/index.php(37): CodeIgniter\CodeIgniter->run()
#8 {main}
CRITICAL - 2023-06-10 20:59:48 --> syntax error, unexpected ''EXP'' (T_CONSTANT_ENCAPSED_STRING), expecting ']'
#0 /home/modvipxy/aloneboy.modvip.xyz/vendor/codeigniter4/framework/system/Autoloader/Autoloader.php(241): CodeIgniter\Autoloader\Autoloader->includeFile('/home/modvipxy/...')
#1 /home/modvipxy/aloneboy.modvip.xyz/vendor/codeigniter4/framework/system/Autoloader/Autoloader.php(219): CodeIgniter\Autoloader\Autoloader->loadInNamespace('App\\Controllers...')
#2 [internal function]: CodeIgniter\Autoloader\Autoloader->loadClass('App\\Controllers...')
#3 [internal function]: spl_autoload_call('App\\Controllers...')
#4 /home/modvipxy/aloneboy.modvip.xyz/vendor/codeigniter4/framework/system/CodeIgniter.php(789): class_exists('\\App\\Controller...', true)
#5 /home/modvipxy/aloneboy.modvip.xyz/vendor/codeigniter4/framework/system/CodeIgniter.php(397): CodeIgniter\CodeIgniter->startController()
#6 /home/modvipxy/aloneboy.modvip.xyz/vendor/codeigniter4/framework/system/CodeIgniter.php(318): CodeIgniter\CodeIgniter->handleRequest(NULL, Object(Config\Cache), false)
#7 /home/modvipxy/aloneboy.modvip.xyz/index.php(37): CodeIgniter\CodeIgniter->run()
#8 {main}
CRITICAL - 2023-06-10 20:59:49 --> syntax error, unexpected ''EXP'' (T_CONSTANT_ENCAPSED_STRING), expecting ']'
#0 /home/modvipxy/aloneboy.modvip.xyz/vendor/codeigniter4/framework/system/Autoloader/Autoloader.php(241): CodeIgniter\Autoloader\Autoloader->includeFile('/home/modvipxy/...')
#1 /home/modvipxy/aloneboy.modvip.xyz/vendor/codeigniter4/framework/system/Autoloader/Autoloader.php(219): CodeIgniter\Autoloader\Autoloader->loadInNamespace('App\\Controllers...')
#2 [internal function]: CodeIgniter\Autoloader\Autoloader->loadClass('App\\Controllers...')
#3 [internal function]: spl_autoload_call('App\\Controllers...')
#4 /home/modvipxy/aloneboy.modvip.xyz/vendor/codeigniter4/framework/system/CodeIgniter.php(789): class_exists('\\App\\Controller...', true)
#5 /home/modvipxy/aloneboy.modvip.xyz/vendor/codeigniter4/framework/system/CodeIgniter.php(397): CodeIgniter\CodeIgniter->startController()
#6 /home/modvipxy/aloneboy.modvip.xyz/vendor/codeigniter4/framework/system/CodeIgniter.php(318): CodeIgniter\CodeIgniter->handleRequest(NULL, Object(Config\Cache), false)
#7 /home/modvipxy/aloneboy.modvip.xyz/index.php(37): CodeIgniter\CodeIgniter->run()
#8 {main}
CRITICAL - 2023-06-10 20:59:50 --> syntax error, unexpected ''EXP'' (T_CONSTANT_ENCAPSED_STRING), expecting ']'
#0 /home/modvipxy/aloneboy.modvip.xyz/vendor/codeigniter4/framework/system/Autoloader/Autoloader.php(241): CodeIgniter\Autoloader\Autoloader->includeFile('/home/modvipxy/...')
#1 /home/modvipxy/aloneboy.modvip.xyz/vendor/codeigniter4/framework/system/Autoloader/Autoloader.php(219): CodeIgniter\Autoloader\Autoloader->loadInNamespace('App\\Controllers...')
#2 [internal function]: CodeIgniter\Autoloader\Autoloader->loadClass('App\\Controllers...')
#3 [internal function]: spl_autoload_call('App\\Controllers...')
#4 /home/modvipxy/aloneboy.modvip.xyz/vendor/codeigniter4/framework/system/CodeIgniter.php(789): class_exists('\\App\\Controller...', true)
#5 /home/modvipxy/aloneboy.modvip.xyz/vendor/codeigniter4/framework/system/CodeIgniter.php(397): CodeIgniter\CodeIgniter->startController()
#6 /home/modvipxy/aloneboy.modvip.xyz/vendor/codeigniter4/framework/system/CodeIgniter.php(318): CodeIgniter\CodeIgniter->handleRequest(NULL, Object(Config\Cache), false)
#7 /home/modvipxy/aloneboy.modvip.xyz/index.php(37): CodeIgniter\CodeIgniter->run()
#8 {main}
CRITICAL - 2023-06-10 20:59:51 --> syntax error, unexpected ''EXP'' (T_CONSTANT_ENCAPSED_STRING), expecting ']'
#0 /home/modvipxy/aloneboy.modvip.xyz/vendor/codeigniter4/framework/system/Autoloader/Autoloader.php(241): CodeIgniter\Autoloader\Autoloader->includeFile('/home/modvipxy/...')
#1 /home/modvipxy/aloneboy.modvip.xyz/vendor/codeigniter4/framework/system/Autoloader/Autoloader.php(219): CodeIgniter\Autoloader\Autoloader->loadInNamespace('App\\Controllers...')
#2 [internal function]: CodeIgniter\Autoloader\Autoloader->loadClass('App\\Controllers...')
#3 [internal function]: spl_autoload_call('App\\Controllers...')
#4 /home/modvipxy/aloneboy.modvip.xyz/vendor/codeigniter4/framework/system/CodeIgniter.php(789): class_exists('\\App\\Controller...', true)
#5 /home/modvipxy/aloneboy.modvip.xyz/vendor/codeigniter4/framework/system/CodeIgniter.php(397): CodeIgniter\CodeIgniter->startController()
#6 /home/modvipxy/aloneboy.modvip.xyz/vendor/codeigniter4/framework/system/CodeIgniter.php(318): CodeIgniter\CodeIgniter->handleRequest(NULL, Object(Config\Cache), false)
#7 /home/modvipxy/aloneboy.modvip.xyz/index.php(37): CodeIgniter\CodeIgniter->run()
#8 {main}
CRITICAL - 2023-06-10 20:59:52 --> syntax error, unexpected ''EXP'' (T_CONSTANT_ENCAPSED_STRING), expecting ']'
#0 /home/modvipxy/aloneboy.modvip.xyz/vendor/codeigniter4/framework/system/Autoloader/Autoloader.php(241): CodeIgniter\Autoloader\Autoloader->includeFile('/home/modvipxy/...')
#1 /home/modvipxy/aloneboy.modvip.xyz/vendor/codeigniter4/framework/system/Autoloader/Autoloader.php(219): CodeIgniter\Autoloader\Autoloader->loadInNamespace('App\\Controllers...')
#2 [internal function]: CodeIgniter\Autoloader\Autoloader->loadClass('App\\Controllers...')
#3 [internal function]: spl_autoload_call('App\\Controllers...')
#4 /home/modvipxy/aloneboy.modvip.xyz/vendor/codeigniter4/framework/system/CodeIgniter.php(789): class_exists('\\App\\Controller...', true)
#5 /home/modvipxy/aloneboy.modvip.xyz/vendor/codeigniter4/framework/system/CodeIgniter.php(397): CodeIgniter\CodeIgniter->startController()
#6 /home/modvipxy/aloneboy.modvip.xyz/vendor/codeigniter4/framework/system/CodeIgniter.php(318): CodeIgniter\CodeIgniter->handleRequest(NULL, Object(Config\Cache), false)
#7 /home/modvipxy/aloneboy.modvip.xyz/index.php(37): CodeIgniter\CodeIgniter->run()
#8 {main}
CRITICAL - 2023-06-10 20:59:54 --> syntax error, unexpected ''EXP'' (T_CONSTANT_ENCAPSED_STRING), expecting ']'
#0 /home/modvipxy/aloneboy.modvip.xyz/vendor/codeigniter4/framework/system/Autoloader/Autoloader.php(241): CodeIgniter\Autoloader\Autoloader->includeFile('/home/modvipxy/...')
#1 /home/modvipxy/aloneboy.modvip.xyz/vendor/codeigniter4/framework/system/Autoloader/Autoloader.php(219): CodeIgniter\Autoloader\Autoloader->loadInNamespace('App\\Controllers...')
#2 [internal function]: CodeIgniter\Autoloader\Autoloader->loadClass('App\\Controllers...')
#3 [internal function]: spl_autoload_call('App\\Controllers...')
#4 /home/modvipxy/aloneboy.modvip.xyz/vendor/codeigniter4/framework/system/CodeIgniter.php(789): class_exists('\\App\\Controller...', true)
#5 /home/modvipxy/aloneboy.modvip.xyz/vendor/codeigniter4/framework/system/CodeIgniter.php(397): CodeIgniter\CodeIgniter->startController()
#6 /home/modvipxy/aloneboy.modvip.xyz/vendor/codeigniter4/framework/system/CodeIgniter.php(318): CodeIgniter\CodeIgniter->handleRequest(NULL, Object(Config\Cache), false)
#7 /home/modvipxy/aloneboy.modvip.xyz/index.php(37): CodeIgniter\CodeIgniter->run()
#8 {main}
CRITICAL - 2023-06-10 20:59:55 --> syntax error, unexpected ''EXP'' (T_CONSTANT_ENCAPSED_STRING), expecting ']'
#0 /home/modvipxy/aloneboy.modvip.xyz/vendor/codeigniter4/framework/system/Autoloader/Autoloader.php(241): CodeIgniter\Autoloader\Autoloader->includeFile('/home/modvipxy/...')
#1 /home/modvipxy/aloneboy.modvip.xyz/vendor/codeigniter4/framework/system/Autoloader/Autoloader.php(219): CodeIgniter\Autoloader\Autoloader->loadInNamespace('App\\Controllers...')
#2 [internal function]: CodeIgniter\Autoloader\Autoloader->loadClass('App\\Controllers...')
#3 [internal function]: spl_autoload_call('App\\Controllers...')
#4 /home/modvipxy/aloneboy.modvip.xyz/vendor/codeigniter4/framework/system/CodeIgniter.php(789): class_exists('\\App\\Controller...', true)
#5 /home/modvipxy/aloneboy.modvip.xyz/vendor/codeigniter4/framework/system/CodeIgniter.php(397): CodeIgniter\CodeIgniter->startController()
#6 /home/modvipxy/aloneboy.modvip.xyz/vendor/codeigniter4/framework/system/CodeIgniter.php(318): CodeIgniter\CodeIgniter->handleRequest(NULL, Object(Config\Cache), false)
#7 /home/modvipxy/aloneboy.modvip.xyz/index.php(37): CodeIgniter\CodeIgniter->run()
#8 {main}
CRITICAL - 2023-06-10 20:59:56 --> syntax error, unexpected ''EXP'' (T_CONSTANT_ENCAPSED_STRING), expecting ']'
#0 /home/modvipxy/aloneboy.modvip.xyz/vendor/codeigniter4/framework/system/Autoloader/Autoloader.php(241): CodeIgniter\Autoloader\Autoloader->includeFile('/home/modvipxy/...')
#1 /home/modvipxy/aloneboy.modvip.xyz/vendor/codeigniter4/framework/system/Autoloader/Autoloader.php(219): CodeIgniter\Autoloader\Autoloader->loadInNamespace('App\\Controllers...')
#2 [internal function]: CodeIgniter\Autoloader\Autoloader->loadClass('App\\Controllers...')
#3 [internal function]: spl_autoload_call('App\\Controllers...')
#4 /home/modvipxy/aloneboy.modvip.xyz/vendor/codeigniter4/framework/system/CodeIgniter.php(789): class_exists('\\App\\Controller...', true)
#5 /home/modvipxy/aloneboy.modvip.xyz/vendor/codeigniter4/framework/system/CodeIgniter.php(397): CodeIgniter\CodeIgniter->startController()
#6 /home/modvipxy/aloneboy.modvip.xyz/vendor/codeigniter4/framework/system/CodeIgniter.php(318): CodeIgniter\CodeIgniter->handleRequest(NULL, Object(Config\Cache), false)
#7 /home/modvipxy/aloneboy.modvip.xyz/index.php(37): CodeIgniter\CodeIgniter->run()
#8 {main}
CRITICAL - 2023-06-10 20:59:57 --> syntax error, unexpected ''EXP'' (T_CONSTANT_ENCAPSED_STRING), expecting ']'
#0 /home/modvipxy/aloneboy.modvip.xyz/vendor/codeigniter4/framework/system/Autoloader/Autoloader.php(241): CodeIgniter\Autoloader\Autoloader->includeFile('/home/modvipxy/...')
#1 /home/modvipxy/aloneboy.modvip.xyz/vendor/codeigniter4/framework/system/Autoloader/Autoloader.php(219): CodeIgniter\Autoloader\Autoloader->loadInNamespace('App\\Controllers...')
#2 [internal function]: CodeIgniter\Autoloader\Autoloader->loadClass('App\\Controllers...')
#3 [internal function]: spl_autoload_call('App\\Controllers...')
#4 /home/modvipxy/aloneboy.modvip.xyz/vendor/codeigniter4/framework/system/CodeIgniter.php(789): class_exists('\\App\\Controller...', true)
#5 /home/modvipxy/aloneboy.modvip.xyz/vendor/codeigniter4/framework/system/CodeIgniter.php(397): CodeIgniter\CodeIgniter->startController()
#6 /home/modvipxy/aloneboy.modvip.xyz/vendor/codeigniter4/framework/system/CodeIgniter.php(318): CodeIgniter\CodeIgniter->handleRequest(NULL, Object(Config\Cache), false)
#7 /home/modvipxy/aloneboy.modvip.xyz/index.php(37): CodeIgniter\CodeIgniter->run()
#8 {main}
CRITICAL - 2023-06-10 20:59:58 --> syntax error, unexpected ''EXP'' (T_CONSTANT_ENCAPSED_STRING), expecting ']'
#0 /home/modvipxy/aloneboy.modvip.xyz/vendor/codeigniter4/framework/system/Autoloader/Autoloader.php(241): CodeIgniter\Autoloader\Autoloader->includeFile('/home/modvipxy/...')
#1 /home/modvipxy/aloneboy.modvip.xyz/vendor/codeigniter4/framework/system/Autoloader/Autoloader.php(219): CodeIgniter\Autoloader\Autoloader->loadInNamespace('App\\Controllers...')
#2 [internal function]: CodeIgniter\Autoloader\Autoloader->loadClass('App\\Controllers...')
#3 [internal function]: spl_autoload_call('App\\Controllers...')
#4 /home/modvipxy/aloneboy.modvip.xyz/vendor/codeigniter4/framework/system/CodeIgniter.php(789): class_exists('\\App\\Controller...', true)
#5 /home/modvipxy/aloneboy.modvip.xyz/vendor/codeigniter4/framework/system/CodeIgniter.php(397): CodeIgniter\CodeIgniter->startController()
#6 /home/modvipxy/aloneboy.modvip.xyz/vendor/codeigniter4/framework/system/CodeIgniter.php(318): CodeIgniter\CodeIgniter->handleRequest(NULL, Object(Config\Cache), false)
#7 /home/modvipxy/aloneboy.modvip.xyz/index.php(37): CodeIgniter\CodeIgniter->run()
#8 {main}
CRITICAL - 2023-06-10 21:00:00 --> syntax error, unexpected ''EXP'' (T_CONSTANT_ENCAPSED_STRING), expecting ']'
#0 /home/modvipxy/aloneboy.modvip.xyz/vendor/codeigniter4/framework/system/Autoloader/Autoloader.php(241): CodeIgniter\Autoloader\Autoloader->includeFile('/home/modvipxy/...')
#1 /home/modvipxy/aloneboy.modvip.xyz/vendor/codeigniter4/framework/system/Autoloader/Autoloader.php(219): CodeIgniter\Autoloader\Autoloader->loadInNamespace('App\\Controllers...')
#2 [internal function]: CodeIgniter\Autoloader\Autoloader->loadClass('App\\Controllers...')
#3 [internal function]: spl_autoload_call('App\\Controllers...')
#4 /home/modvipxy/aloneboy.modvip.xyz/vendor/codeigniter4/framework/system/CodeIgniter.php(789): class_exists('\\App\\Controller...', true)
#5 /home/modvipxy/aloneboy.modvip.xyz/vendor/codeigniter4/framework/system/CodeIgniter.php(397): CodeIgniter\CodeIgniter->startController()
#6 /home/modvipxy/aloneboy.modvip.xyz/vendor/codeigniter4/framework/system/CodeIgniter.php(318): CodeIgniter\CodeIgniter->handleRequest(NULL, Object(Config\Cache), false)
#7 /home/modvipxy/aloneboy.modvip.xyz/index.php(37): CodeIgniter\CodeIgniter->run()
#8 {main}
CRITICAL - 2023-06-10 21:00:01 --> syntax error, unexpected ''EXP'' (T_CONSTANT_ENCAPSED_STRING), expecting ']'
#0 /home/modvipxy/aloneboy.modvip.xyz/vendor/codeigniter4/framework/system/Autoloader/Autoloader.php(241): CodeIgniter\Autoloader\Autoloader->includeFile('/home/modvipxy/...')
#1 /home/modvipxy/aloneboy.modvip.xyz/vendor/codeigniter4/framework/system/Autoloader/Autoloader.php(219): CodeIgniter\Autoloader\Autoloader->loadInNamespace('App\\Controllers...')
#2 [internal function]: CodeIgniter\Autoloader\Autoloader->loadClass('App\\Controllers...')
#3 [internal function]: spl_autoload_call('App\\Controllers...')
#4 /home/modvipxy/aloneboy.modvip.xyz/vendor/codeigniter4/framework/system/CodeIgniter.php(789): class_exists('\\App\\Controller...', true)
#5 /home/modvipxy/aloneboy.modvip.xyz/vendor/codeigniter4/framework/system/CodeIgniter.php(397): CodeIgniter\CodeIgniter->startController()
#6 /home/modvipxy/aloneboy.modvip.xyz/vendor/codeigniter4/framework/system/CodeIgniter.php(318): CodeIgniter\CodeIgniter->handleRequest(NULL, Object(Config\Cache), false)
#7 /home/modvipxy/aloneboy.modvip.xyz/index.php(37): CodeIgniter\CodeIgniter->run()
#8 {main}
CRITICAL - 2023-06-10 21:00:02 --> syntax error, unexpected ''EXP'' (T_CONSTANT_ENCAPSED_STRING), expecting ']'
#0 /home/modvipxy/aloneboy.modvip.xyz/vendor/codeigniter4/framework/system/Autoloader/Autoloader.php(241): CodeIgniter\Autoloader\Autoloader->includeFile('/home/modvipxy/...')
#1 /home/modvipxy/aloneboy.modvip.xyz/vendor/codeigniter4/framework/system/Autoloader/Autoloader.php(219): CodeIgniter\Autoloader\Autoloader->loadInNamespace('App\\Controllers...')
#2 [internal function]: CodeIgniter\Autoloader\Autoloader->loadClass('App\\Controllers...')
#3 [internal function]: spl_autoload_call('App\\Controllers...')
#4 /home/modvipxy/aloneboy.modvip.xyz/vendor/codeigniter4/framework/system/CodeIgniter.php(789): class_exists('\\App\\Controller...', true)
#5 /home/modvipxy/aloneboy.modvip.xyz/vendor/codeigniter4/framework/system/CodeIgniter.php(397): CodeIgniter\CodeIgniter->startController()
#6 /home/modvipxy/aloneboy.modvip.xyz/vendor/codeigniter4/framework/system/CodeIgniter.php(318): CodeIgniter\CodeIgniter->handleRequest(NULL, Object(Config\Cache), false)
#7 /home/modvipxy/aloneboy.modvip.xyz/index.php(37): CodeIgniter\CodeIgniter->run()
#8 {main}
CRITICAL - 2023-06-10 21:00:04 --> syntax error, unexpected ''EXP'' (T_CONSTANT_ENCAPSED_STRING), expecting ']'
#0 /home/modvipxy/aloneboy.modvip.xyz/vendor/codeigniter4/framework/system/Autoloader/Autoloader.php(241): CodeIgniter\Autoloader\Autoloader->includeFile('/home/modvipxy/...')
#1 /home/modvipxy/aloneboy.modvip.xyz/vendor/codeigniter4/framework/system/Autoloader/Autoloader.php(219): CodeIgniter\Autoloader\Autoloader->loadInNamespace('App\\Controllers...')
#2 [internal function]: CodeIgniter\Autoloader\Autoloader->loadClass('App\\Controllers...')
#3 [internal function]: spl_autoload_call('App\\Controllers...')
#4 /home/modvipxy/aloneboy.modvip.xyz/vendor/codeigniter4/framework/system/CodeIgniter.php(789): class_exists('\\App\\Controller...', true)
#5 /home/modvipxy/aloneboy.modvip.xyz/vendor/codeigniter4/framework/system/CodeIgniter.php(397): CodeIgniter\CodeIgniter->startController()
#6 /home/modvipxy/aloneboy.modvip.xyz/vendor/codeigniter4/framework/system/CodeIgniter.php(318): CodeIgniter\CodeIgniter->handleRequest(NULL, Object(Config\Cache), false)
#7 /home/modvipxy/aloneboy.modvip.xyz/index.php(37): CodeIgniter\CodeIgniter->run()
#8 {main}
CRITICAL - 2023-06-10 21:00:05 --> syntax error, unexpected ''EXP'' (T_CONSTANT_ENCAPSED_STRING), expecting ']'
#0 /home/modvipxy/aloneboy.modvip.xyz/vendor/codeigniter4/framework/system/Autoloader/Autoloader.php(241): CodeIgniter\Autoloader\Autoloader->includeFile('/home/modvipxy/...')
#1 /home/modvipxy/aloneboy.modvip.xyz/vendor/codeigniter4/framework/system/Autoloader/Autoloader.php(219): CodeIgniter\Autoloader\Autoloader->loadInNamespace('App\\Controllers...')
#2 [internal function]: CodeIgniter\Autoloader\Autoloader->loadClass('App\\Controllers...')
#3 [internal function]: spl_autoload_call('App\\Controllers...')
#4 /home/modvipxy/aloneboy.modvip.xyz/vendor/codeigniter4/framework/system/CodeIgniter.php(789): class_exists('\\App\\Controller...', true)
#5 /home/modvipxy/aloneboy.modvip.xyz/vendor/codeigniter4/framework/system/CodeIgniter.php(397): CodeIgniter\CodeIgniter->startController()
#6 /home/modvipxy/aloneboy.modvip.xyz/vendor/codeigniter4/framework/system/CodeIgniter.php(318): CodeIgniter\CodeIgniter->handleRequest(NULL, Object(Config\Cache), false)
#7 /home/modvipxy/aloneboy.modvip.xyz/index.php(37): CodeIgniter\CodeIgniter->run()
#8 {main}
CRITICAL - 2023-06-10 21:00:07 --> syntax error, unexpected ''EXP'' (T_CONSTANT_ENCAPSED_STRING), expecting ']'
#0 /home/modvipxy/aloneboy.modvip.xyz/vendor/codeigniter4/framework/system/Autoloader/Autoloader.php(241): CodeIgniter\Autoloader\Autoloader->includeFile('/home/modvipxy/...')
#1 /home/modvipxy/aloneboy.modvip.xyz/vendor/codeigniter4/framework/system/Autoloader/Autoloader.php(219): CodeIgniter\Autoloader\Autoloader->loadInNamespace('App\\Controllers...')
#2 [internal function]: CodeIgniter\Autoloader\Autoloader->loadClass('App\\Controllers...')
#3 [internal function]: spl_autoload_call('App\\Controllers...')
#4 /home/modvipxy/aloneboy.modvip.xyz/vendor/codeigniter4/framework/system/CodeIgniter.php(789): class_exists('\\App\\Controller...', true)
#5 /home/modvipxy/aloneboy.modvip.xyz/vendor/codeigniter4/framework/system/CodeIgniter.php(397): CodeIgniter\CodeIgniter->startController()
#6 /home/modvipxy/aloneboy.modvip.xyz/vendor/codeigniter4/framework/system/CodeIgniter.php(318): CodeIgniter\CodeIgniter->handleRequest(NULL, Object(Config\Cache), false)
#7 /home/modvipxy/aloneboy.modvip.xyz/index.php(37): CodeIgniter\CodeIgniter->run()
#8 {main}
CRITICAL - 2023-06-10 21:00:10 --> syntax error, unexpected ''EXP'' (T_CONSTANT_ENCAPSED_STRING), expecting ']'
#0 /home/modvipxy/aloneboy.modvip.xyz/vendor/codeigniter4/framework/system/Autoloader/Autoloader.php(241): CodeIgniter\Autoloader\Autoloader->includeFile('/home/modvipxy/...')
#1 /home/modvipxy/aloneboy.modvip.xyz/vendor/codeigniter4/framework/system/Autoloader/Autoloader.php(219): CodeIgniter\Autoloader\Autoloader->loadInNamespace('App\\Controllers...')
#2 [internal function]: CodeIgniter\Autoloader\Autoloader->loadClass('App\\Controllers...')
#3 [internal function]: spl_autoload_call('App\\Controllers...')
#4 /home/modvipxy/aloneboy.modvip.xyz/vendor/codeigniter4/framework/system/CodeIgniter.php(789): class_exists('\\App\\Controller...', true)
#5 /home/modvipxy/aloneboy.modvip.xyz/vendor/codeigniter4/framework/system/CodeIgniter.php(397): CodeIgniter\CodeIgniter->startController()
#6 /home/modvipxy/aloneboy.modvip.xyz/vendor/codeigniter4/framework/system/CodeIgniter.php(318): CodeIgniter\CodeIgniter->handleRequest(NULL, Object(Config\Cache), false)
#7 /home/modvipxy/aloneboy.modvip.xyz/index.php(37): CodeIgniter\CodeIgniter->run()
#8 {main}
