CRITICAL - 2023-07-16 07:52:43 --> mysqli_connect(): (HY000/1045): Access denied for user 'modvipxy_rollex'@'localhost' (using password: YES)
#0 [internal function]: CodeIgniter\Debug\Exceptions->errorHandler(2, 'mysqli_connect(...', '/home/modvipxy/...', 8, Array)
#1 /home/modvipxy/rollex.modvip.xyz/app/Controllers/conn.php(8): mysqli_connect('localhost', 'modvipxy_rollex', 'modvipxy_rollex', 'modvipxy_rollex')
#2 /home/modvipxy/rollex.modvip.xyz/app/Controllers/Connect.php(13): include('/home/modvipxy/...')
#3 /home/modvipxy/rollex.modvip.xyz/vendor/codeigniter4/framework/system/CodeIgniter.php(801): App\Controllers\Connect->__construct()
#4 /home/modvipxy/rollex.modvip.xyz/vendor/codeigniter4/framework/system/CodeIgniter.php(401): CodeIgniter\CodeIgniter->createController()
#5 /home/modvipxy/rollex.modvip.xyz/vendor/codeigniter4/framework/system/CodeIgniter.php(318): CodeIgniter\CodeIgniter->handleRequest(NULL, Object(Config\Cache), false)
#6 /home/modvipxy/rollex.modvip.xyz/index.php(37): CodeIgniter\CodeIgniter->run()
#7 {main}
CRITICAL - 2023-07-16 07:52:47 --> mysqli_connect(): (HY000/1045): Access denied for user 'modvipxy_rollex'@'localhost' (using password: YES)
#0 [internal function]: CodeIgniter\Debug\Exceptions->errorHandler(2, 'mysqli_connect(...', '/home/modvipxy/...', 8, Array)
#1 /home/modvipxy/rollex.modvip.xyz/app/Controllers/conn.php(8): mysqli_connect('localhost', 'modvipxy_rollex', 'modvipxy_rollex', 'modvipxy_rollex')
#2 /home/modvipxy/rollex.modvip.xyz/app/Controllers/Connect.php(13): include('/home/modvipxy/...')
#3 /home/modvipxy/rollex.modvip.xyz/vendor/codeigniter4/framework/system/CodeIgniter.php(801): App\Controllers\Connect->__construct()
#4 /home/modvipxy/rollex.modvip.xyz/vendor/codeigniter4/framework/system/CodeIgniter.php(401): CodeIgniter\CodeIgniter->createController()
#5 /home/modvipxy/rollex.modvip.xyz/vendor/codeigniter4/framework/system/CodeIgniter.php(318): CodeIgniter\CodeIgniter->handleRequest(NULL, Object(Config\Cache), false)
#6 /home/modvipxy/rollex.modvip.xyz/index.php(37): CodeIgniter\CodeIgniter->run()
#7 {main}
CRITICAL - 2023-07-16 07:52:49 --> mysqli_connect(): (HY000/1045): Access denied for user 'modvipxy_rollex'@'localhost' (using password: YES)
#0 [internal function]: CodeIgniter\Debug\Exceptions->errorHandler(2, 'mysqli_connect(...', '/home/modvipxy/...', 8, Array)
#1 /home/modvipxy/rollex.modvip.xyz/app/Controllers/conn.php(8): mysqli_connect('localhost', 'modvipxy_rollex', 'modvipxy_rollex', 'modvipxy_rollex')
#2 /home/modvipxy/rollex.modvip.xyz/app/Controllers/Connect.php(13): include('/home/modvipxy/...')
#3 /home/modvipxy/rollex.modvip.xyz/vendor/codeigniter4/framework/system/CodeIgniter.php(801): App\Controllers\Connect->__construct()
#4 /home/modvipxy/rollex.modvip.xyz/vendor/codeigniter4/framework/system/CodeIgniter.php(401): CodeIgniter\CodeIgniter->createController()
#5 /home/modvipxy/rollex.modvip.xyz/vendor/codeigniter4/framework/system/CodeIgniter.php(318): CodeIgniter\CodeIgniter->handleRequest(NULL, Object(Config\Cache), false)
#6 /home/modvipxy/rollex.modvip.xyz/index.php(37): CodeIgniter\CodeIgniter->run()
#7 {main}
CRITICAL - 2023-07-16 07:52:51 --> mysqli_connect(): (HY000/1045): Access denied for user 'modvipxy_rollex'@'localhost' (using password: YES)
#0 [internal function]: CodeIgniter\Debug\Exceptions->errorHandler(2, 'mysqli_connect(...', '/home/modvipxy/...', 8, Array)
#1 /home/modvipxy/rollex.modvip.xyz/app/Controllers/conn.php(8): mysqli_connect('localhost', 'modvipxy_rollex', 'modvipxy_rollex', 'modvipxy_rollex')
#2 /home/modvipxy/rollex.modvip.xyz/app/Controllers/Connect.php(13): include('/home/modvipxy/...')
#3 /home/modvipxy/rollex.modvip.xyz/vendor/codeigniter4/framework/system/CodeIgniter.php(801): App\Controllers\Connect->__construct()
#4 /home/modvipxy/rollex.modvip.xyz/vendor/codeigniter4/framework/system/CodeIgniter.php(401): CodeIgniter\CodeIgniter->createController()
#5 /home/modvipxy/rollex.modvip.xyz/vendor/codeigniter4/framework/system/CodeIgniter.php(318): CodeIgniter\CodeIgniter->handleRequest(NULL, Object(Config\Cache), false)
#6 /home/modvipxy/rollex.modvip.xyz/index.php(37): CodeIgniter\CodeIgniter->run()
#7 {main}
CRITICAL - 2023-07-16 07:52:53 --> mysqli_connect(): (HY000/1045): Access denied for user 'modvipxy_rollex'@'localhost' (using password: YES)
#0 [internal function]: CodeIgniter\Debug\Exceptions->errorHandler(2, 'mysqli_connect(...', '/home/modvipxy/...', 8, Array)
#1 /home/modvipxy/rollex.modvip.xyz/app/Controllers/conn.php(8): mysqli_connect('localhost', 'modvipxy_rollex', 'modvipxy_rollex', 'modvipxy_rollex')
#2 /home/modvipxy/rollex.modvip.xyz/app/Controllers/Connect.php(13): include('/home/modvipxy/...')
#3 /home/modvipxy/rollex.modvip.xyz/vendor/codeigniter4/framework/system/CodeIgniter.php(801): App\Controllers\Connect->__construct()
#4 /home/modvipxy/rollex.modvip.xyz/vendor/codeigniter4/framework/system/CodeIgniter.php(401): CodeIgniter\CodeIgniter->createController()
#5 /home/modvipxy/rollex.modvip.xyz/vendor/codeigniter4/framework/system/CodeIgniter.php(318): CodeIgniter\CodeIgniter->handleRequest(NULL, Object(Config\Cache), false)
#6 /home/modvipxy/rollex.modvip.xyz/index.php(37): CodeIgniter\CodeIgniter->run()
#7 {main}
CRITICAL - 2023-07-16 07:52:54 --> mysqli_connect(): (HY000/1045): Access denied for user 'modvipxy_rollex'@'localhost' (using password: YES)
#0 [internal function]: CodeIgniter\Debug\Exceptions->errorHandler(2, 'mysqli_connect(...', '/home/modvipxy/...', 8, Array)
#1 /home/modvipxy/rollex.modvip.xyz/app/Controllers/conn.php(8): mysqli_connect('localhost', 'modvipxy_rollex', 'modvipxy_rollex', 'modvipxy_rollex')
#2 /home/modvipxy/rollex.modvip.xyz/app/Controllers/Connect.php(13): include('/home/modvipxy/...')
#3 /home/modvipxy/rollex.modvip.xyz/vendor/codeigniter4/framework/system/CodeIgniter.php(801): App\Controllers\Connect->__construct()
#4 /home/modvipxy/rollex.modvip.xyz/vendor/codeigniter4/framework/system/CodeIgniter.php(401): CodeIgniter\CodeIgniter->createController()
#5 /home/modvipxy/rollex.modvip.xyz/vendor/codeigniter4/framework/system/CodeIgniter.php(318): CodeIgniter\CodeIgniter->handleRequest(NULL, Object(Config\Cache), false)
#6 /home/modvipxy/rollex.modvip.xyz/index.php(37): CodeIgniter\CodeIgniter->run()
#7 {main}
CRITICAL - 2023-07-16 11:22:41 --> Undefined index: HTTP_USER_AGENT
#0 /home/modvipxy/rollex.modvip.xyz/app/Views/Auth/login.php(36): CodeIgniter\Debug\Exceptions->errorHandler(8, 'Undefined index...', '/home/modvipxy/...', 36, Array)
#1 /home/modvipxy/rollex.modvip.xyz/vendor/codeigniter4/framework/system/View/View.php(214): include('/home/modvipxy/...')
#2 /home/modvipxy/rollex.modvip.xyz/vendor/codeigniter4/framework/system/View/View.php(217): CodeIgniter\View\View->CodeIgniter\View\{closure}()
#3 /home/modvipxy/rollex.modvip.xyz/vendor/codeigniter4/framework/system/Common.php(1097): CodeIgniter\View\View->render('Auth/login', Array, true)
#4 /home/modvipxy/rollex.modvip.xyz/app/Controllers/Auth.php(37): view('Auth/login', Array)
#5 /home/modvipxy/rollex.modvip.xyz/vendor/codeigniter4/framework/system/CodeIgniter.php(824): App\Controllers\Auth->login()
#6 /home/modvipxy/rollex.modvip.xyz/vendor/codeigniter4/framework/system/CodeIgniter.php(410): CodeIgniter\CodeIgniter->runController(Object(App\Controllers\Auth))
#7 /home/modvipxy/rollex.modvip.xyz/vendor/codeigniter4/framework/system/CodeIgniter.php(318): CodeIgniter\CodeIgniter->handleRequest(NULL, Object(Config\Cache), false)
#8 /home/modvipxy/rollex.modvip.xyz/index.php(37): CodeIgniter\CodeIgniter->run()
#9 {main}
CRITICAL - 2023-07-16 22:43:02 --> Undefined index: HTTP_USER_AGENT
#0 /home/modvipxy/testing.modvip.xyz/app/Views/Auth/login.php(36): CodeIgniter\Debug\Exceptions->errorHandler(8, 'Undefined index...', '/home/modvipxy/...', 36, Array)
#1 /home/modvipxy/testing.modvip.xyz/vendor/codeigniter4/framework/system/View/View.php(214): include('/home/modvipxy/...')
#2 /home/modvipxy/testing.modvip.xyz/vendor/codeigniter4/framework/system/View/View.php(217): CodeIgniter\View\View->CodeIgniter\View\{closure}()
#3 /home/modvipxy/testing.modvip.xyz/vendor/codeigniter4/framework/system/Common.php(1097): CodeIgniter\View\View->render('Auth/login', Array, true)
#4 /home/modvipxy/testing.modvip.xyz/app/Controllers/Auth.php(37): view('Auth/login', Array)
#5 /home/modvipxy/testing.modvip.xyz/vendor/codeigniter4/framework/system/CodeIgniter.php(824): App\Controllers\Auth->login()
#6 /home/modvipxy/testing.modvip.xyz/vendor/codeigniter4/framework/system/CodeIgniter.php(410): CodeIgniter\CodeIgniter->runController(Object(App\Controllers\Auth))
#7 /home/modvipxy/testing.modvip.xyz/vendor/codeigniter4/framework/system/CodeIgniter.php(318): CodeIgniter\CodeIgniter->handleRequest(NULL, Object(Config\Cache), false)
#8 /home/modvipxy/testing.modvip.xyz/index.php(37): CodeIgniter\CodeIgniter->run()
#9 {main}
CRITICAL - 2023-07-16 22:43:02 --> Undefined index: HTTP_USER_AGENT
#0 /home/modvipxy/testing.modvip.xyz/app/Views/Auth/login.php(36): CodeIgniter\Debug\Exceptions->errorHandler(8, 'Undefined index...', '/home/modvipxy/...', 36, Array)
#1 /home/modvipxy/testing.modvip.xyz/vendor/codeigniter4/framework/system/View/View.php(214): include('/home/modvipxy/...')
#2 /home/modvipxy/testing.modvip.xyz/vendor/codeigniter4/framework/system/View/View.php(217): CodeIgniter\View\View->CodeIgniter\View\{closure}()
#3 /home/modvipxy/testing.modvip.xyz/vendor/codeigniter4/framework/system/Common.php(1097): CodeIgniter\View\View->render('Auth/login', Array, true)
#4 /home/modvipxy/testing.modvip.xyz/app/Controllers/Auth.php(37): view('Auth/login', Array)
#5 /home/modvipxy/testing.modvip.xyz/vendor/codeigniter4/framework/system/CodeIgniter.php(824): App\Controllers\Auth->login()
#6 /home/modvipxy/testing.modvip.xyz/vendor/codeigniter4/framework/system/CodeIgniter.php(410): CodeIgniter\CodeIgniter->runController(Object(App\Controllers\Auth))
#7 /home/modvipxy/testing.modvip.xyz/vendor/codeigniter4/framework/system/CodeIgniter.php(318): CodeIgniter\CodeIgniter->handleRequest(NULL, Object(Config\Cache), false)
#8 /home/modvipxy/testing.modvip.xyz/index.php(37): CodeIgniter\CodeIgniter->run()
#9 {main}
CRITICAL - 2023-07-16 22:43:02 --> Undefined index: HTTP_USER_AGENT
#0 /home/modvipxy/testing.modvip.xyz/app/Views/Auth/login.php(36): CodeIgniter\Debug\Exceptions->errorHandler(8, 'Undefined index...', '/home/modvipxy/...', 36, Array)
#1 /home/modvipxy/testing.modvip.xyz/vendor/codeigniter4/framework/system/View/View.php(214): include('/home/modvipxy/...')
#2 /home/modvipxy/testing.modvip.xyz/vendor/codeigniter4/framework/system/View/View.php(217): CodeIgniter\View\View->CodeIgniter\View\{closure}()
#3 /home/modvipxy/testing.modvip.xyz/vendor/codeigniter4/framework/system/Common.php(1097): CodeIgniter\View\View->render('Auth/login', Array, true)
#4 /home/modvipxy/testing.modvip.xyz/app/Controllers/Auth.php(37): view('Auth/login', Array)
#5 /home/modvipxy/testing.modvip.xyz/vendor/codeigniter4/framework/system/CodeIgniter.php(824): App\Controllers\Auth->login()
#6 /home/modvipxy/testing.modvip.xyz/vendor/codeigniter4/framework/system/CodeIgniter.php(410): CodeIgniter\CodeIgniter->runController(Object(App\Controllers\Auth))
#7 /home/modvipxy/testing.modvip.xyz/vendor/codeigniter4/framework/system/CodeIgniter.php(318): CodeIgniter\CodeIgniter->handleRequest(NULL, Object(Config\Cache), false)
#8 /home/modvipxy/testing.modvip.xyz/index.php(37): CodeIgniter\CodeIgniter->run()
#9 {main}
CRITICAL - 2023-07-16 22:43:03 --> Undefined index: HTTP_USER_AGENT
#0 /home/modvipxy/testing.modvip.xyz/app/Views/Auth/login.php(36): CodeIgniter\Debug\Exceptions->errorHandler(8, 'Undefined index...', '/home/modvipxy/...', 36, Array)
#1 /home/modvipxy/testing.modvip.xyz/vendor/codeigniter4/framework/system/View/View.php(214): include('/home/modvipxy/...')
#2 /home/modvipxy/testing.modvip.xyz/vendor/codeigniter4/framework/system/View/View.php(217): CodeIgniter\View\View->CodeIgniter\View\{closure}()
#3 /home/modvipxy/testing.modvip.xyz/vendor/codeigniter4/framework/system/Common.php(1097): CodeIgniter\View\View->render('Auth/login', Array, true)
#4 /home/modvipxy/testing.modvip.xyz/app/Controllers/Auth.php(37): view('Auth/login', Array)
#5 /home/modvipxy/testing.modvip.xyz/vendor/codeigniter4/framework/system/CodeIgniter.php(824): App\Controllers\Auth->login()
#6 /home/modvipxy/testing.modvip.xyz/vendor/codeigniter4/framework/system/CodeIgniter.php(410): CodeIgniter\CodeIgniter->runController(Object(App\Controllers\Auth))
#7 /home/modvipxy/testing.modvip.xyz/vendor/codeigniter4/framework/system/CodeIgniter.php(318): CodeIgniter\CodeIgniter->handleRequest(NULL, Object(Config\Cache), false)
#8 /home/modvipxy/testing.modvip.xyz/index.php(37): CodeIgniter\CodeIgniter->run()
#9 {main}
CRITICAL - 2023-07-16 22:49:41 --> Trying to access array offset on value of type null
#0 /home/modvipxy/testing.modvip.xyz/app/Views/Server/Server.php(36): CodeIgniter\Debug\Exceptions->errorHandler(8, 'Trying to acces...', '/home/modvipxy/...', 36, Array)
#1 /home/modvipxy/testing.modvip.xyz/vendor/codeigniter4/framework/system/View/View.php(214): include('/home/modvipxy/...')
#2 /home/modvipxy/testing.modvip.xyz/vendor/codeigniter4/framework/system/View/View.php(217): CodeIgniter\View\View->CodeIgniter\View\{closure}()
#3 /home/modvipxy/testing.modvip.xyz/vendor/codeigniter4/framework/system/Common.php(1097): CodeIgniter\View\View->render('Server/Server', Array, true)
#4 /home/modvipxy/testing.modvip.xyz/app/Controllers/User.php(295): view('Server/Server', Array)
#5 /home/modvipxy/testing.modvip.xyz/vendor/codeigniter4/framework/system/CodeIgniter.php(824): App\Controllers\User->Server()
#6 /home/modvipxy/testing.modvip.xyz/vendor/codeigniter4/framework/system/CodeIgniter.php(410): CodeIgniter\CodeIgniter->runController(Object(App\Controllers\User))
#7 /home/modvipxy/testing.modvip.xyz/vendor/codeigniter4/framework/system/CodeIgniter.php(318): CodeIgniter\CodeIgniter->handleRequest(NULL, Object(Config\Cache), false)
#8 /home/modvipxy/testing.modvip.xyz/index.php(37): CodeIgniter\CodeIgniter->run()
#9 {main}
CRITICAL - 2023-07-16 22:49:44 --> Trying to access array offset on value of type null
#0 /home/modvipxy/testing.modvip.xyz/app/Views/Server/Server.php(36): CodeIgniter\Debug\Exceptions->errorHandler(8, 'Trying to acces...', '/home/modvipxy/...', 36, Array)
#1 /home/modvipxy/testing.modvip.xyz/vendor/codeigniter4/framework/system/View/View.php(214): include('/home/modvipxy/...')
#2 /home/modvipxy/testing.modvip.xyz/vendor/codeigniter4/framework/system/View/View.php(217): CodeIgniter\View\View->CodeIgniter\View\{closure}()
#3 /home/modvipxy/testing.modvip.xyz/vendor/codeigniter4/framework/system/Common.php(1097): CodeIgniter\View\View->render('Server/Server', Array, true)
#4 /home/modvipxy/testing.modvip.xyz/app/Controllers/User.php(295): view('Server/Server', Array)
#5 /home/modvipxy/testing.modvip.xyz/vendor/codeigniter4/framework/system/CodeIgniter.php(824): App\Controllers\User->Server()
#6 /home/modvipxy/testing.modvip.xyz/vendor/codeigniter4/framework/system/CodeIgniter.php(410): CodeIgniter\CodeIgniter->runController(Object(App\Controllers\User))
#7 /home/modvipxy/testing.modvip.xyz/vendor/codeigniter4/framework/system/CodeIgniter.php(318): CodeIgniter\CodeIgniter->handleRequest(NULL, Object(Config\Cache), false)
#8 /home/modvipxy/testing.modvip.xyz/index.php(37): CodeIgniter\CodeIgniter->run()
#9 {main}
CRITICAL - 2023-07-16 22:49:46 --> Trying to access array offset on value of type null
#0 /home/modvipxy/testing.modvip.xyz/app/Views/Server/Server.php(36): CodeIgniter\Debug\Exceptions->errorHandler(8, 'Trying to acces...', '/home/modvipxy/...', 36, Array)
#1 /home/modvipxy/testing.modvip.xyz/vendor/codeigniter4/framework/system/View/View.php(214): include('/home/modvipxy/...')
#2 /home/modvipxy/testing.modvip.xyz/vendor/codeigniter4/framework/system/View/View.php(217): CodeIgniter\View\View->CodeIgniter\View\{closure}()
#3 /home/modvipxy/testing.modvip.xyz/vendor/codeigniter4/framework/system/Common.php(1097): CodeIgniter\View\View->render('Server/Server', Array, true)
#4 /home/modvipxy/testing.modvip.xyz/app/Controllers/User.php(295): view('Server/Server', Array)
#5 /home/modvipxy/testing.modvip.xyz/vendor/codeigniter4/framework/system/CodeIgniter.php(824): App\Controllers\User->Server()
#6 /home/modvipxy/testing.modvip.xyz/vendor/codeigniter4/framework/system/CodeIgniter.php(410): CodeIgniter\CodeIgniter->runController(Object(App\Controllers\User))
#7 /home/modvipxy/testing.modvip.xyz/vendor/codeigniter4/framework/system/CodeIgniter.php(318): CodeIgniter\CodeIgniter->handleRequest(NULL, Object(Config\Cache), false)
#8 /home/modvipxy/testing.modvip.xyz/index.php(37): CodeIgniter\CodeIgniter->run()
#9 {main}
CRITICAL - 2023-07-16 22:49:53 --> Trying to access array offset on value of type null
#0 /home/modvipxy/testing.modvip.xyz/app/Views/Server/Server.php(36): CodeIgniter\Debug\Exceptions->errorHandler(8, 'Trying to acces...', '/home/modvipxy/...', 36, Array)
#1 /home/modvipxy/testing.modvip.xyz/vendor/codeigniter4/framework/system/View/View.php(214): include('/home/modvipxy/...')
#2 /home/modvipxy/testing.modvip.xyz/vendor/codeigniter4/framework/system/View/View.php(217): CodeIgniter\View\View->CodeIgniter\View\{closure}()
#3 /home/modvipxy/testing.modvip.xyz/vendor/codeigniter4/framework/system/Common.php(1097): CodeIgniter\View\View->render('Server/Server', Array, true)
#4 /home/modvipxy/testing.modvip.xyz/app/Controllers/User.php(295): view('Server/Server', Array)
#5 /home/modvipxy/testing.modvip.xyz/vendor/codeigniter4/framework/system/CodeIgniter.php(824): App\Controllers\User->Server()
#6 /home/modvipxy/testing.modvip.xyz/vendor/codeigniter4/framework/system/CodeIgniter.php(410): CodeIgniter\CodeIgniter->runController(Object(App\Controllers\User))
#7 /home/modvipxy/testing.modvip.xyz/vendor/codeigniter4/framework/system/CodeIgniter.php(318): CodeIgniter\CodeIgniter->handleRequest(NULL, Object(Config\Cache), false)
#8 /home/modvipxy/testing.modvip.xyz/index.php(37): CodeIgniter\CodeIgniter->run()
#9 {main}
CRITICAL - 2023-07-16 22:50:37 --> Trying to access array offset on value of type null
#0 /home/modvipxy/testing.modvip.xyz/app/Views/Server/Server.php(36): CodeIgniter\Debug\Exceptions->errorHandler(8, 'Trying to acces...', '/home/modvipxy/...', 36, Array)
#1 /home/modvipxy/testing.modvip.xyz/vendor/codeigniter4/framework/system/View/View.php(214): include('/home/modvipxy/...')
#2 /home/modvipxy/testing.modvip.xyz/vendor/codeigniter4/framework/system/View/View.php(217): CodeIgniter\View\View->CodeIgniter\View\{closure}()
#3 /home/modvipxy/testing.modvip.xyz/vendor/codeigniter4/framework/system/Common.php(1097): CodeIgniter\View\View->render('Server/Server', Array, true)
#4 /home/modvipxy/testing.modvip.xyz/app/Controllers/User.php(295): view('Server/Server', Array)
#5 /home/modvipxy/testing.modvip.xyz/vendor/codeigniter4/framework/system/CodeIgniter.php(824): App\Controllers\User->Server()
#6 /home/modvipxy/testing.modvip.xyz/vendor/codeigniter4/framework/system/CodeIgniter.php(410): CodeIgniter\CodeIgniter->runController(Object(App\Controllers\User))
#7 /home/modvipxy/testing.modvip.xyz/vendor/codeigniter4/framework/system/CodeIgniter.php(318): CodeIgniter\CodeIgniter->handleRequest(NULL, Object(Config\Cache), false)
#8 /home/modvipxy/testing.modvip.xyz/index.php(37): CodeIgniter\CodeIgniter->run()
#9 {main}
CRITICAL - 2023-07-16 22:50:39 --> Trying to access array offset on value of type null
#0 /home/modvipxy/testing.modvip.xyz/app/Views/Server/Server.php(36): CodeIgniter\Debug\Exceptions->errorHandler(8, 'Trying to acces...', '/home/modvipxy/...', 36, Array)
#1 /home/modvipxy/testing.modvip.xyz/vendor/codeigniter4/framework/system/View/View.php(214): include('/home/modvipxy/...')
#2 /home/modvipxy/testing.modvip.xyz/vendor/codeigniter4/framework/system/View/View.php(217): CodeIgniter\View\View->CodeIgniter\View\{closure}()
#3 /home/modvipxy/testing.modvip.xyz/vendor/codeigniter4/framework/system/Common.php(1097): CodeIgniter\View\View->render('Server/Server', Array, true)
#4 /home/modvipxy/testing.modvip.xyz/app/Controllers/User.php(295): view('Server/Server', Array)
#5 /home/modvipxy/testing.modvip.xyz/vendor/codeigniter4/framework/system/CodeIgniter.php(824): App\Controllers\User->Server()
#6 /home/modvipxy/testing.modvip.xyz/vendor/codeigniter4/framework/system/CodeIgniter.php(410): CodeIgniter\CodeIgniter->runController(Object(App\Controllers\User))
#7 /home/modvipxy/testing.modvip.xyz/vendor/codeigniter4/framework/system/CodeIgniter.php(318): CodeIgniter\CodeIgniter->handleRequest(NULL, Object(Config\Cache), false)
#8 /home/modvipxy/testing.modvip.xyz/index.php(37): CodeIgniter\CodeIgniter->run()
#9 {main}
CRITICAL - 2023-07-16 23:57:33 --> Call to undefined function App\Controllers\write_file()
#0 /home/modvipxy/testing.modvip.xyz/app/Controllers/Keys.php(320): App\Controllers\Keys->generate_action()
#1 /home/modvipxy/testing.modvip.xyz/vendor/codeigniter4/framework/system/CodeIgniter.php(824): App\Controllers\Keys->generate()
#2 /home/modvipxy/testing.modvip.xyz/vendor/codeigniter4/framework/system/CodeIgniter.php(410): CodeIgniter\CodeIgniter->runController(Object(App\Controllers\Keys))
#3 /home/modvipxy/testing.modvip.xyz/vendor/codeigniter4/framework/system/CodeIgniter.php(318): CodeIgniter\CodeIgniter->handleRequest(NULL, Object(Config\Cache), false)
#4 /home/modvipxy/testing.modvip.xyz/index.php(37): CodeIgniter\CodeIgniter->run()
#5 {main}
CRITICAL - 2023-07-16 23:58:18 --> Call to undefined function App\Controllers\write_file()
#0 /home/modvipxy/testing.modvip.xyz/app/Controllers/Keys.php(320): App\Controllers\Keys->generate_action()
#1 /home/modvipxy/testing.modvip.xyz/vendor/codeigniter4/framework/system/CodeIgniter.php(824): App\Controllers\Keys->generate()
#2 /home/modvipxy/testing.modvip.xyz/vendor/codeigniter4/framework/system/CodeIgniter.php(410): CodeIgniter\CodeIgniter->runController(Object(App\Controllers\Keys))
#3 /home/modvipxy/testing.modvip.xyz/vendor/codeigniter4/framework/system/CodeIgniter.php(318): CodeIgniter\CodeIgniter->handleRequest(NULL, Object(Config\Cache), false)
#4 /home/modvipxy/testing.modvip.xyz/index.php(37): CodeIgniter\CodeIgniter->run()
#5 {main}
CRITICAL - 2023-07-16 23:58:52 --> syntax error, unexpected 'public' (T_PUBLIC)
#0 /home/modvipxy/testing.modvip.xyz/vendor/codeigniter4/framework/system/Autoloader/Autoloader.php(241): CodeIgniter\Autoloader\Autoloader->includeFile('/home/modvipxy/...')
#1 /home/modvipxy/testing.modvip.xyz/vendor/codeigniter4/framework/system/Autoloader/Autoloader.php(219): CodeIgniter\Autoloader\Autoloader->loadInNamespace('App\\Controllers...')
#2 [internal function]: CodeIgniter\Autoloader\Autoloader->loadClass('App\\Controllers...')
#3 [internal function]: spl_autoload_call('App\\Controllers...')
#4 /home/modvipxy/testing.modvip.xyz/vendor/codeigniter4/framework/system/CodeIgniter.php(789): class_exists('\\App\\Controller...', true)
#5 /home/modvipxy/testing.modvip.xyz/vendor/codeigniter4/framework/system/CodeIgniter.php(397): CodeIgniter\CodeIgniter->startController()
#6 /home/modvipxy/testing.modvip.xyz/vendor/codeigniter4/framework/system/CodeIgniter.php(318): CodeIgniter\CodeIgniter->handleRequest(NULL, Object(Config\Cache), false)
#7 /home/modvipxy/testing.modvip.xyz/index.php(37): CodeIgniter\CodeIgniter->run()
#8 {main}
CRITICAL - 2023-07-16 23:58:55 --> syntax error, unexpected 'public' (T_PUBLIC)
#0 /home/modvipxy/testing.modvip.xyz/vendor/codeigniter4/framework/system/Autoloader/Autoloader.php(241): CodeIgniter\Autoloader\Autoloader->includeFile('/home/modvipxy/...')
#1 /home/modvipxy/testing.modvip.xyz/vendor/codeigniter4/framework/system/Autoloader/Autoloader.php(219): CodeIgniter\Autoloader\Autoloader->loadInNamespace('App\\Controllers...')
#2 [internal function]: CodeIgniter\Autoloader\Autoloader->loadClass('App\\Controllers...')
#3 [internal function]: spl_autoload_call('App\\Controllers...')
#4 /home/modvipxy/testing.modvip.xyz/vendor/codeigniter4/framework/system/CodeIgniter.php(789): class_exists('\\App\\Controller...', true)
#5 /home/modvipxy/testing.modvip.xyz/vendor/codeigniter4/framework/system/CodeIgniter.php(397): CodeIgniter\CodeIgniter->startController()
#6 /home/modvipxy/testing.modvip.xyz/vendor/codeigniter4/framework/system/CodeIgniter.php(318): CodeIgniter\CodeIgniter->handleRequest(NULL, Object(Config\Cache), false)
#7 /home/modvipxy/testing.modvip.xyz/index.php(37): CodeIgniter\CodeIgniter->run()
#8 {main}
CRITICAL - 2023-07-16 23:58:57 --> syntax error, unexpected 'public' (T_PUBLIC)
#0 /home/modvipxy/testing.modvip.xyz/vendor/codeigniter4/framework/system/Autoloader/Autoloader.php(241): CodeIgniter\Autoloader\Autoloader->includeFile('/home/modvipxy/...')
#1 /home/modvipxy/testing.modvip.xyz/vendor/codeigniter4/framework/system/Autoloader/Autoloader.php(219): CodeIgniter\Autoloader\Autoloader->loadInNamespace('App\\Controllers...')
#2 [internal function]: CodeIgniter\Autoloader\Autoloader->loadClass('App\\Controllers...')
#3 [internal function]: spl_autoload_call('App\\Controllers...')
#4 /home/modvipxy/testing.modvip.xyz/vendor/codeigniter4/framework/system/CodeIgniter.php(789): class_exists('\\App\\Controller...', true)
#5 /home/modvipxy/testing.modvip.xyz/vendor/codeigniter4/framework/system/CodeIgniter.php(397): CodeIgniter\CodeIgniter->startController()
#6 /home/modvipxy/testing.modvip.xyz/vendor/codeigniter4/framework/system/CodeIgniter.php(318): CodeIgniter\CodeIgniter->handleRequest(NULL, Object(Config\Cache), false)
#7 /home/modvipxy/testing.modvip.xyz/index.php(37): CodeIgniter\CodeIgniter->run()
#8 {main}
CRITICAL - 2023-07-16 23:59:02 --> syntax error, unexpected 'public' (T_PUBLIC)
#0 /home/modvipxy/testing.modvip.xyz/vendor/codeigniter4/framework/system/Autoloader/Autoloader.php(241): CodeIgniter\Autoloader\Autoloader->includeFile('/home/modvipxy/...')
#1 /home/modvipxy/testing.modvip.xyz/vendor/codeigniter4/framework/system/Autoloader/Autoloader.php(219): CodeIgniter\Autoloader\Autoloader->loadInNamespace('App\\Controllers...')
#2 [internal function]: CodeIgniter\Autoloader\Autoloader->loadClass('App\\Controllers...')
#3 [internal function]: spl_autoload_call('App\\Controllers...')
#4 /home/modvipxy/testing.modvip.xyz/vendor/codeigniter4/framework/system/CodeIgniter.php(789): class_exists('\\App\\Controller...', true)
#5 /home/modvipxy/testing.modvip.xyz/vendor/codeigniter4/framework/system/CodeIgniter.php(397): CodeIgniter\CodeIgniter->startController()
#6 /home/modvipxy/testing.modvip.xyz/vendor/codeigniter4/framework/system/CodeIgniter.php(318): CodeIgniter\CodeIgniter->handleRequest(NULL, Object(Config\Cache), false)
#7 /home/modvipxy/testing.modvip.xyz/index.php(37): CodeIgniter\CodeIgniter->run()
#8 {main}
CRITICAL - 2023-07-16 23:59:12 --> syntax error, unexpected 'public' (T_PUBLIC)
#0 /home/modvipxy/testing.modvip.xyz/vendor/codeigniter4/framework/system/Autoloader/Autoloader.php(241): CodeIgniter\Autoloader\Autoloader->includeFile('/home/modvipxy/...')
#1 /home/modvipxy/testing.modvip.xyz/vendor/codeigniter4/framework/system/Autoloader/Autoloader.php(219): CodeIgniter\Autoloader\Autoloader->loadInNamespace('App\\Controllers...')
#2 [internal function]: CodeIgniter\Autoloader\Autoloader->loadClass('App\\Controllers...')
#3 [internal function]: spl_autoload_call('App\\Controllers...')
#4 /home/modvipxy/testing.modvip.xyz/vendor/codeigniter4/framework/system/CodeIgniter.php(789): class_exists('\\App\\Controller...', true)
#5 /home/modvipxy/testing.modvip.xyz/vendor/codeigniter4/framework/system/CodeIgniter.php(397): CodeIgniter\CodeIgniter->startController()
#6 /home/modvipxy/testing.modvip.xyz/vendor/codeigniter4/framework/system/CodeIgniter.php(318): CodeIgniter\CodeIgniter->handleRequest(NULL, Object(Config\Cache), false)
#7 /home/modvipxy/testing.modvip.xyz/index.php(37): CodeIgniter\CodeIgniter->run()
#8 {main}
CRITICAL - 2023-07-16 23:59:14 --> syntax error, unexpected 'public' (T_PUBLIC)
#0 /home/modvipxy/testing.modvip.xyz/vendor/codeigniter4/framework/system/Autoloader/Autoloader.php(241): CodeIgniter\Autoloader\Autoloader->includeFile('/home/modvipxy/...')
#1 /home/modvipxy/testing.modvip.xyz/vendor/codeigniter4/framework/system/Autoloader/Autoloader.php(219): CodeIgniter\Autoloader\Autoloader->loadInNamespace('App\\Controllers...')
#2 [internal function]: CodeIgniter\Autoloader\Autoloader->loadClass('App\\Controllers...')
#3 [internal function]: spl_autoload_call('App\\Controllers...')
#4 /home/modvipxy/testing.modvip.xyz/vendor/codeigniter4/framework/system/CodeIgniter.php(789): class_exists('\\App\\Controller...', true)
#5 /home/modvipxy/testing.modvip.xyz/vendor/codeigniter4/framework/system/CodeIgniter.php(397): CodeIgniter\CodeIgniter->startController()
#6 /home/modvipxy/testing.modvip.xyz/vendor/codeigniter4/framework/system/CodeIgniter.php(318): CodeIgniter\CodeIgniter->handleRequest(NULL, Object(Config\Cache), false)
#7 /home/modvipxy/testing.modvip.xyz/index.php(37): CodeIgniter\CodeIgniter->run()
#8 {main}
