CRITICAL - 2025-11-20 13:40:50 --> Undefined index: HTTP_USER_AGENT
#0 /home/aalyanza/panel.aalyan.za.com/app/Views/Auth/login.php(253): CodeIgniter\Debug\Exceptions->errorHandler(8, 'Undefined index...', '/home/aalyanza/...', 253, Array)
#1 /home/aalyanza/panel.aalyan.za.com/vendor/codeigniter4/framework/system/View/View.php(214): include('/home/aalyanza/...')
#2 /home/aalyanza/panel.aalyan.za.com/vendor/codeigniter4/framework/system/View/View.php(217): CodeIgniter\View\View->CodeIgniter\View\{closure}()
#3 /home/aalyanza/panel.aalyan.za.com/vendor/codeigniter4/framework/system/Common.php(1097): CodeIgniter\View\View->render('Auth/login', Array, true)
#4 /home/aalyanza/panel.aalyan.za.com/app/Controllers/Auth.php(54): view('Auth/login', Array)
#5 /home/aalyanza/panel.aalyan.za.com/vendor/codeigniter4/framework/system/CodeIgniter.php(824): App\Controllers\Auth->login()
#6 /home/aalyanza/panel.aalyan.za.com/vendor/codeigniter4/framework/system/CodeIgniter.php(410): CodeIgniter\CodeIgniter->runController(Object(App\Controllers\Auth))
#7 /home/aalyanza/panel.aalyan.za.com/vendor/codeigniter4/framework/system/CodeIgniter.php(318): CodeIgniter\CodeIgniter->handleRequest(NULL, Object(Config\Cache), false)
#8 /home/aalyanza/panel.aalyan.za.com/index.php(37): CodeIgniter\CodeIgniter->run()
#9 {main}
CRITICAL - 2025-11-20 13:41:08 --> Undefined index: HTTP_USER_AGENT
#0 /home/aalyanza/panel.aalyan.za.com/app/Views/Auth/login.php(253): CodeIgniter\Debug\Exceptions->errorHandler(8, 'Undefined index...', '/home/aalyanza/...', 253, Array)
#1 /home/aalyanza/panel.aalyan.za.com/vendor/codeigniter4/framework/system/View/View.php(214): include('/home/aalyanza/...')
#2 /home/aalyanza/panel.aalyan.za.com/vendor/codeigniter4/framework/system/View/View.php(217): CodeIgniter\View\View->CodeIgniter\View\{closure}()
#3 /home/aalyanza/panel.aalyan.za.com/vendor/codeigniter4/framework/system/Common.php(1097): CodeIgniter\View\View->render('Auth/login', Array, true)
#4 /home/aalyanza/panel.aalyan.za.com/app/Controllers/Auth.php(54): view('Auth/login', Array)
#5 /home/aalyanza/panel.aalyan.za.com/vendor/codeigniter4/framework/system/CodeIgniter.php(824): App\Controllers\Auth->login()
#6 /home/aalyanza/panel.aalyan.za.com/vendor/codeigniter4/framework/system/CodeIgniter.php(410): CodeIgniter\CodeIgniter->runController(Object(App\Controllers\Auth))
#7 /home/aalyanza/panel.aalyan.za.com/vendor/codeigniter4/framework/system/CodeIgniter.php(318): CodeIgniter\CodeIgniter->handleRequest(NULL, Object(Config\Cache), false)
#8 /home/aalyanza/panel.aalyan.za.com/index.php(37): CodeIgniter\CodeIgniter->run()
#9 {main}
CRITICAL - 2025-11-20 13:41:22 --> Undefined index: HTTP_USER_AGENT
#0 /home/aalyanza/panel.aalyan.za.com/app/Views/Auth/login.php(253): CodeIgniter\Debug\Exceptions->errorHandler(8, 'Undefined index...', '/home/aalyanza/...', 253, Array)
#1 /home/aalyanza/panel.aalyan.za.com/vendor/codeigniter4/framework/system/View/View.php(214): include('/home/aalyanza/...')
#2 /home/aalyanza/panel.aalyan.za.com/vendor/codeigniter4/framework/system/View/View.php(217): CodeIgniter\View\View->CodeIgniter\View\{closure}()
#3 /home/aalyanza/panel.aalyan.za.com/vendor/codeigniter4/framework/system/Common.php(1097): CodeIgniter\View\View->render('Auth/login', Array, true)
#4 /home/aalyanza/panel.aalyan.za.com/app/Controllers/Auth.php(54): view('Auth/login', Array)
#5 /home/aalyanza/panel.aalyan.za.com/vendor/codeigniter4/framework/system/CodeIgniter.php(824): App\Controllers\Auth->login()
#6 /home/aalyanza/panel.aalyan.za.com/vendor/codeigniter4/framework/system/CodeIgniter.php(410): CodeIgniter\CodeIgniter->runController(Object(App\Controllers\Auth))
#7 /home/aalyanza/panel.aalyan.za.com/vendor/codeigniter4/framework/system/CodeIgniter.php(318): CodeIgniter\CodeIgniter->handleRequest(NULL, Object(Config\Cache), false)
#8 /home/aalyanza/panel.aalyan.za.com/index.php(37): CodeIgniter\CodeIgniter->run()
#9 {main}
