CRITICAL - 2022-11-27 01:00:25 --> filesize(): stat failed for new.txt
#0 [internal function]: CodeIgniter\Debug\Exceptions->errorHandler()
#1 /home/prime-zero.ml/public_html/app/Controllers/Keys.php(95): filesize()
#2 /home/prime-zero.ml/public_html/app/Controllers/Keys.php(493): App\Controllers\Keys->downloadFile()
#3 /home/prime-zero.ml/public_html/app/Controllers/Keys.php(320): App\Controllers\Keys->generate_action()
#4 /home/prime-zero.ml/public_html/vendor/codeigniter4/framework/system/CodeIgniter.php(824): App\Controllers\Keys->generate()
#5 /home/prime-zero.ml/public_html/vendor/codeigniter4/framework/system/CodeIgniter.php(410): CodeIgniter\CodeIgniter->runController()
#6 /home/prime-zero.ml/public_html/vendor/codeigniter4/framework/system/CodeIgniter.php(318): CodeIgniter\CodeIgniter->handleRequest()
#7 /home/prime-zero.ml/public_html/public/index.php(37): CodeIgniter\CodeIgniter->run()
#8 {main}
CRITICAL - 2022-11-27 01:00:42 --> filesize(): stat failed for new.txt
#0 [internal function]: CodeIgniter\Debug\Exceptions->errorHandler()
#1 /home/prime-zero.ml/public_html/app/Controllers/Keys.php(95): filesize()
#2 /home/prime-zero.ml/public_html/app/Controllers/Keys.php(493): App\Controllers\Keys->downloadFile()
#3 /home/prime-zero.ml/public_html/app/Controllers/Keys.php(320): App\Controllers\Keys->generate_action()
#4 /home/prime-zero.ml/public_html/vendor/codeigniter4/framework/system/CodeIgniter.php(824): App\Controllers\Keys->generate()
#5 /home/prime-zero.ml/public_html/vendor/codeigniter4/framework/system/CodeIgniter.php(410): CodeIgniter\CodeIgniter->runController()
#6 /home/prime-zero.ml/public_html/vendor/codeigniter4/framework/system/CodeIgniter.php(318): CodeIgniter\CodeIgniter->handleRequest()
#7 /home/prime-zero.ml/public_html/public/index.php(37): CodeIgniter\CodeIgniter->run()
#8 {main}
CRITICAL - 2022-11-27 01:02:13 --> Undefined index: HTTP_USER_AGENT
#0 /home/prime-zero.ml/public_html/app/Views/Auth/login.php(32): CodeIgniter\Debug\Exceptions->errorHandler()
#1 /home/prime-zero.ml/public_html/vendor/codeigniter4/framework/system/View/View.php(214): include('/home/prime-zer...')
#2 /home/prime-zero.ml/public_html/vendor/codeigniter4/framework/system/View/View.php(217): CodeIgniter\View\View->CodeIgniter\View\{closure}()
#3 /home/prime-zero.ml/public_html/vendor/codeigniter4/framework/system/Common.php(1097): CodeIgniter\View\View->render()
#4 /home/prime-zero.ml/public_html/app/Controllers/Auth.php(37): view()
#5 /home/prime-zero.ml/public_html/vendor/codeigniter4/framework/system/CodeIgniter.php(824): App\Controllers\Auth->login()
#6 /home/prime-zero.ml/public_html/vendor/codeigniter4/framework/system/CodeIgniter.php(410): CodeIgniter\CodeIgniter->runController()
#7 /home/prime-zero.ml/public_html/vendor/codeigniter4/framework/system/CodeIgniter.php(318): CodeIgniter\CodeIgniter->handleRequest()
#8 /home/prime-zero.ml/public_html/index.php(37): CodeIgniter\CodeIgniter->run()
#9 {main}
CRITICAL - 2022-11-27 01:02:13 --> Undefined index: HTTP_USER_AGENT
#0 /home/prime-zero.ml/public_html/app/Views/Auth/login.php(32): CodeIgniter\Debug\Exceptions->errorHandler()
#1 /home/prime-zero.ml/public_html/vendor/codeigniter4/framework/system/View/View.php(214): include('/home/prime-zer...')
#2 /home/prime-zero.ml/public_html/vendor/codeigniter4/framework/system/View/View.php(217): CodeIgniter\View\View->CodeIgniter\View\{closure}()
#3 /home/prime-zero.ml/public_html/vendor/codeigniter4/framework/system/Common.php(1097): CodeIgniter\View\View->render()
#4 /home/prime-zero.ml/public_html/app/Controllers/Auth.php(37): view()
#5 /home/prime-zero.ml/public_html/vendor/codeigniter4/framework/system/CodeIgniter.php(824): App\Controllers\Auth->login()
#6 /home/prime-zero.ml/public_html/vendor/codeigniter4/framework/system/CodeIgniter.php(410): CodeIgniter\CodeIgniter->runController()
#7 /home/prime-zero.ml/public_html/vendor/codeigniter4/framework/system/CodeIgniter.php(318): CodeIgniter\CodeIgniter->handleRequest()
#8 /home/prime-zero.ml/public_html/index.php(37): CodeIgniter\CodeIgniter->run()
#9 {main}
CRITICAL - 2022-11-27 01:02:14 --> Undefined index: HTTP_USER_AGENT
#0 /home/prime-zero.ml/public_html/app/Views/Auth/login.php(32): CodeIgniter\Debug\Exceptions->errorHandler()
#1 /home/prime-zero.ml/public_html/vendor/codeigniter4/framework/system/View/View.php(214): include('/home/prime-zer...')
#2 /home/prime-zero.ml/public_html/vendor/codeigniter4/framework/system/View/View.php(217): CodeIgniter\View\View->CodeIgniter\View\{closure}()
#3 /home/prime-zero.ml/public_html/vendor/codeigniter4/framework/system/Common.php(1097): CodeIgniter\View\View->render()
#4 /home/prime-zero.ml/public_html/app/Controllers/Auth.php(37): view()
#5 /home/prime-zero.ml/public_html/vendor/codeigniter4/framework/system/CodeIgniter.php(824): App\Controllers\Auth->login()
#6 /home/prime-zero.ml/public_html/vendor/codeigniter4/framework/system/CodeIgniter.php(410): CodeIgniter\CodeIgniter->runController()
#7 /home/prime-zero.ml/public_html/vendor/codeigniter4/framework/system/CodeIgniter.php(318): CodeIgniter\CodeIgniter->handleRequest()
#8 /home/prime-zero.ml/public_html/index.php(37): CodeIgniter\CodeIgniter->run()
#9 {main}
CRITICAL - 2022-11-27 01:02:14 --> Undefined index: HTTP_USER_AGENT
#0 /home/prime-zero.ml/public_html/app/Views/Auth/login.php(32): CodeIgniter\Debug\Exceptions->errorHandler()
#1 /home/prime-zero.ml/public_html/vendor/codeigniter4/framework/system/View/View.php(214): include('/home/prime-zer...')
#2 /home/prime-zero.ml/public_html/vendor/codeigniter4/framework/system/View/View.php(217): CodeIgniter\View\View->CodeIgniter\View\{closure}()
#3 /home/prime-zero.ml/public_html/vendor/codeigniter4/framework/system/Common.php(1097): CodeIgniter\View\View->render()
#4 /home/prime-zero.ml/public_html/app/Controllers/Auth.php(37): view()
#5 /home/prime-zero.ml/public_html/vendor/codeigniter4/framework/system/CodeIgniter.php(824): App\Controllers\Auth->login()
#6 /home/prime-zero.ml/public_html/vendor/codeigniter4/framework/system/CodeIgniter.php(410): CodeIgniter\CodeIgniter->runController()
#7 /home/prime-zero.ml/public_html/vendor/codeigniter4/framework/system/CodeIgniter.php(318): CodeIgniter\CodeIgniter->handleRequest()
#8 /home/prime-zero.ml/public_html/index.php(37): CodeIgniter\CodeIgniter->run()
#9 {main}
CRITICAL - 2022-11-27 01:02:14 --> Undefined index: HTTP_USER_AGENT
#0 /home/prime-zero.ml/public_html/app/Views/Auth/login.php(32): CodeIgniter\Debug\Exceptions->errorHandler()
#1 /home/prime-zero.ml/public_html/vendor/codeigniter4/framework/system/View/View.php(214): include('/home/prime-zer...')
#2 /home/prime-zero.ml/public_html/vendor/codeigniter4/framework/system/View/View.php(217): CodeIgniter\View\View->CodeIgniter\View\{closure}()
#3 /home/prime-zero.ml/public_html/vendor/codeigniter4/framework/system/Common.php(1097): CodeIgniter\View\View->render()
#4 /home/prime-zero.ml/public_html/app/Controllers/Auth.php(37): view()
#5 /home/prime-zero.ml/public_html/vendor/codeigniter4/framework/system/CodeIgniter.php(824): App\Controllers\Auth->login()
#6 /home/prime-zero.ml/public_html/vendor/codeigniter4/framework/system/CodeIgniter.php(410): CodeIgniter\CodeIgniter->runController()
#7 /home/prime-zero.ml/public_html/vendor/codeigniter4/framework/system/CodeIgniter.php(318): CodeIgniter\CodeIgniter->handleRequest()
#8 /home/prime-zero.ml/public_html/index.php(37): CodeIgniter\CodeIgniter->run()
#9 {main}
CRITICAL - 2022-11-27 01:02:14 --> Undefined index: HTTP_USER_AGENT
#0 /home/prime-zero.ml/public_html/app/Views/Auth/login.php(32): CodeIgniter\Debug\Exceptions->errorHandler()
#1 /home/prime-zero.ml/public_html/vendor/codeigniter4/framework/system/View/View.php(214): include('/home/prime-zer...')
#2 /home/prime-zero.ml/public_html/vendor/codeigniter4/framework/system/View/View.php(217): CodeIgniter\View\View->CodeIgniter\View\{closure}()
#3 /home/prime-zero.ml/public_html/vendor/codeigniter4/framework/system/Common.php(1097): CodeIgniter\View\View->render()
#4 /home/prime-zero.ml/public_html/app/Controllers/Auth.php(37): view()
#5 /home/prime-zero.ml/public_html/vendor/codeigniter4/framework/system/CodeIgniter.php(824): App\Controllers\Auth->login()
#6 /home/prime-zero.ml/public_html/vendor/codeigniter4/framework/system/CodeIgniter.php(410): CodeIgniter\CodeIgniter->runController()
#7 /home/prime-zero.ml/public_html/vendor/codeigniter4/framework/system/CodeIgniter.php(318): CodeIgniter\CodeIgniter->handleRequest()
#8 /home/prime-zero.ml/public_html/index.php(37): CodeIgniter\CodeIgniter->run()
#9 {main}
CRITICAL - 2022-11-27 01:02:14 --> Undefined index: HTTP_USER_AGENT
#0 /home/prime-zero.ml/public_html/app/Views/Auth/login.php(32): CodeIgniter\Debug\Exceptions->errorHandler()
#1 /home/prime-zero.ml/public_html/vendor/codeigniter4/framework/system/View/View.php(214): include('/home/prime-zer...')
#2 /home/prime-zero.ml/public_html/vendor/codeigniter4/framework/system/View/View.php(217): CodeIgniter\View\View->CodeIgniter\View\{closure}()
#3 /home/prime-zero.ml/public_html/vendor/codeigniter4/framework/system/Common.php(1097): CodeIgniter\View\View->render()
#4 /home/prime-zero.ml/public_html/app/Controllers/Auth.php(37): view()
#5 /home/prime-zero.ml/public_html/vendor/codeigniter4/framework/system/CodeIgniter.php(824): App\Controllers\Auth->login()
#6 /home/prime-zero.ml/public_html/vendor/codeigniter4/framework/system/CodeIgniter.php(410): CodeIgniter\CodeIgniter->runController()
#7 /home/prime-zero.ml/public_html/vendor/codeigniter4/framework/system/CodeIgniter.php(318): CodeIgniter\CodeIgniter->handleRequest()
#8 /home/prime-zero.ml/public_html/index.php(37): CodeIgniter\CodeIgniter->run()
#9 {main}
CRITICAL - 2022-11-27 01:02:15 --> Undefined index: HTTP_USER_AGENT
#0 /home/prime-zero.ml/public_html/app/Views/Auth/login.php(32): CodeIgniter\Debug\Exceptions->errorHandler()
#1 /home/prime-zero.ml/public_html/vendor/codeigniter4/framework/system/View/View.php(214): include('/home/prime-zer...')
#2 /home/prime-zero.ml/public_html/vendor/codeigniter4/framework/system/View/View.php(217): CodeIgniter\View\View->CodeIgniter\View\{closure}()
#3 /home/prime-zero.ml/public_html/vendor/codeigniter4/framework/system/Common.php(1097): CodeIgniter\View\View->render()
#4 /home/prime-zero.ml/public_html/app/Controllers/Auth.php(37): view()
#5 /home/prime-zero.ml/public_html/vendor/codeigniter4/framework/system/CodeIgniter.php(824): App\Controllers\Auth->login()
#6 /home/prime-zero.ml/public_html/vendor/codeigniter4/framework/system/CodeIgniter.php(410): CodeIgniter\CodeIgniter->runController()
#7 /home/prime-zero.ml/public_html/vendor/codeigniter4/framework/system/CodeIgniter.php(318): CodeIgniter\CodeIgniter->handleRequest()
#8 /home/prime-zero.ml/public_html/index.php(37): CodeIgniter\CodeIgniter->run()
#9 {main}
CRITICAL - 2022-11-27 01:13:49 --> Cannot redeclare App\Controllers\Keys::deleteUnused()
#0 [internal function]: CodeIgniter\Debug\Exceptions->shutdownHandler()
#1 {main}
CRITICAL - 2022-11-27 00:08:21 --> Access denied for user 'excusevi_Main'@'localhost' (using password: YES)
#0 /home/prime-zero.ml/public_html/app/Views/Server/conn.php(8): mysqli_connect()
#1 /home/prime-zero.ml/public_html/app/Views/Server/Server.php(3): include('/home/prime-zer...')
#2 /home/prime-zero.ml/public_html/vendor/codeigniter4/framework/system/View/View.php(214): include('/home/prime-zer...')
#3 /home/prime-zero.ml/public_html/vendor/codeigniter4/framework/system/View/View.php(217): CodeIgniter\View\View->CodeIgniter\View\{closure}()
#4 /home/prime-zero.ml/public_html/vendor/codeigniter4/framework/system/Common.php(1097): CodeIgniter\View\View->render()
#5 /home/prime-zero.ml/public_html/app/Controllers/User.php(295): view()
#6 /home/prime-zero.ml/public_html/vendor/codeigniter4/framework/system/CodeIgniter.php(824): App\Controllers\User->Server()
#7 /home/prime-zero.ml/public_html/vendor/codeigniter4/framework/system/CodeIgniter.php(410): CodeIgniter\CodeIgniter->runController()
#8 /home/prime-zero.ml/public_html/vendor/codeigniter4/framework/system/CodeIgniter.php(318): CodeIgniter\CodeIgniter->handleRequest()
#9 /home/prime-zero.ml/public_html/public/index.php(37): CodeIgniter\CodeIgniter->run()
#10 {main}
CRITICAL - 2022-11-27 09:21:26 --> Undefined variable: keycount
#0 /home/prime-zero.ml/public_html/app/Views/User/dashboard.php(18): CodeIgniter\Debug\Exceptions->errorHandler()
#1 /home/prime-zero.ml/public_html/vendor/codeigniter4/framework/system/View/View.php(214): include('/home/prime-zer...')
#2 /home/prime-zero.ml/public_html/vendor/codeigniter4/framework/system/View/View.php(217): CodeIgniter\View\View->CodeIgniter\View\{closure}()
#3 /home/prime-zero.ml/public_html/vendor/codeigniter4/framework/system/Common.php(1097): CodeIgniter\View\View->render()
#4 /home/prime-zero.ml/public_html/app/Controllers/User.php(35): view()
#5 /home/prime-zero.ml/public_html/vendor/codeigniter4/framework/system/CodeIgniter.php(824): App\Controllers\User->index()
#6 /home/prime-zero.ml/public_html/vendor/codeigniter4/framework/system/CodeIgniter.php(410): CodeIgniter\CodeIgniter->runController()
#7 /home/prime-zero.ml/public_html/vendor/codeigniter4/framework/system/CodeIgniter.php(318): CodeIgniter\CodeIgniter->handleRequest()
#8 /home/prime-zero.ml/public_html/public/index.php(37): CodeIgniter\CodeIgniter->run()
#9 {main}
CRITICAL - 2022-11-27 09:22:12 --> Undefined variable: keycount
#0 /home/prime-zero.ml/public_html/app/Views/User/dashboard.php(18): CodeIgniter\Debug\Exceptions->errorHandler()
#1 /home/prime-zero.ml/public_html/vendor/codeigniter4/framework/system/View/View.php(214): include('/home/prime-zer...')
#2 /home/prime-zero.ml/public_html/vendor/codeigniter4/framework/system/View/View.php(217): CodeIgniter\View\View->CodeIgniter\View\{closure}()
#3 /home/prime-zero.ml/public_html/vendor/codeigniter4/framework/system/Common.php(1097): CodeIgniter\View\View->render()
#4 /home/prime-zero.ml/public_html/app/Controllers/User.php(35): view()
#5 /home/prime-zero.ml/public_html/vendor/codeigniter4/framework/system/CodeIgniter.php(824): App\Controllers\User->index()
#6 /home/prime-zero.ml/public_html/vendor/codeigniter4/framework/system/CodeIgniter.php(410): CodeIgniter\CodeIgniter->runController()
#7 /home/prime-zero.ml/public_html/vendor/codeigniter4/framework/system/CodeIgniter.php(318): CodeIgniter\CodeIgniter->handleRequest()
#8 /home/prime-zero.ml/public_html/public/index.php(37): CodeIgniter\CodeIgniter->run()
#9 {main}
CRITICAL - 2022-11-27 09:22:46 --> Undefined variable: keycount
#0 /home/prime-zero.ml/public_html/app/Views/User/dashboard.php(18): CodeIgniter\Debug\Exceptions->errorHandler()
#1 /home/prime-zero.ml/public_html/vendor/codeigniter4/framework/system/View/View.php(214): include('/home/prime-zer...')
#2 /home/prime-zero.ml/public_html/vendor/codeigniter4/framework/system/View/View.php(217): CodeIgniter\View\View->CodeIgniter\View\{closure}()
#3 /home/prime-zero.ml/public_html/vendor/codeigniter4/framework/system/Common.php(1097): CodeIgniter\View\View->render()
#4 /home/prime-zero.ml/public_html/app/Controllers/User.php(35): view()
#5 /home/prime-zero.ml/public_html/vendor/codeigniter4/framework/system/CodeIgniter.php(824): App\Controllers\User->index()
#6 /home/prime-zero.ml/public_html/vendor/codeigniter4/framework/system/CodeIgniter.php(410): CodeIgniter\CodeIgniter->runController()
#7 /home/prime-zero.ml/public_html/vendor/codeigniter4/framework/system/CodeIgniter.php(318): CodeIgniter\CodeIgniter->handleRequest()
#8 /home/prime-zero.ml/public_html/public/index.php(37): CodeIgniter\CodeIgniter->run()
#9 {main}
CRITICAL - 2022-11-27 09:23:37 --> syntax error, unexpected '<', expecting end of file
#0 /home/prime-zero.ml/public_html/vendor/codeigniter4/framework/system/View/View.php(217): CodeIgniter\View\View->CodeIgniter\View\{closure}()
#1 /home/prime-zero.ml/public_html/vendor/codeigniter4/framework/system/Common.php(1097): CodeIgniter\View\View->render()
#2 /home/prime-zero.ml/public_html/app/Controllers/User.php(35): view()
#3 /home/prime-zero.ml/public_html/vendor/codeigniter4/framework/system/CodeIgniter.php(824): App\Controllers\User->index()
#4 /home/prime-zero.ml/public_html/vendor/codeigniter4/framework/system/CodeIgniter.php(410): CodeIgniter\CodeIgniter->runController()
#5 /home/prime-zero.ml/public_html/vendor/codeigniter4/framework/system/CodeIgniter.php(318): CodeIgniter\CodeIgniter->handleRequest()
#6 /home/prime-zero.ml/public_html/public/index.php(37): CodeIgniter\CodeIgniter->run()
#7 {main}
CRITICAL - 2022-11-27 09:24:13 --> include(conn.php): failed to open stream: No such file or directory
#0 /home/prime-zero.ml/public_html/app/Views/User/dashboard.php(3): CodeIgniter\Debug\Exceptions->errorHandler()
#1 /home/prime-zero.ml/public_html/app/Views/User/dashboard.php(3): include()
#2 /home/prime-zero.ml/public_html/vendor/codeigniter4/framework/system/View/View.php(214): include('/home/prime-zer...')
#3 /home/prime-zero.ml/public_html/vendor/codeigniter4/framework/system/View/View.php(217): CodeIgniter\View\View->CodeIgniter\View\{closure}()
#4 /home/prime-zero.ml/public_html/vendor/codeigniter4/framework/system/Common.php(1097): CodeIgniter\View\View->render()
#5 /home/prime-zero.ml/public_html/app/Controllers/User.php(35): view()
#6 /home/prime-zero.ml/public_html/vendor/codeigniter4/framework/system/CodeIgniter.php(824): App\Controllers\User->index()
#7 /home/prime-zero.ml/public_html/vendor/codeigniter4/framework/system/CodeIgniter.php(410): CodeIgniter\CodeIgniter->runController()
#8 /home/prime-zero.ml/public_html/vendor/codeigniter4/framework/system/CodeIgniter.php(318): CodeIgniter\CodeIgniter->handleRequest()
#9 /home/prime-zero.ml/public_html/public/index.php(37): CodeIgniter\CodeIgniter->run()
#10 {main}
CRITICAL - 2022-11-27 09:25:17 --> include(conn.php): failed to open stream: No such file or directory
#0 /home/prime-zero.ml/public_html/app/Views/User/dashboard.php(3): CodeIgniter\Debug\Exceptions->errorHandler()
#1 /home/prime-zero.ml/public_html/app/Views/User/dashboard.php(3): include()
#2 /home/prime-zero.ml/public_html/vendor/codeigniter4/framework/system/View/View.php(214): include('/home/prime-zer...')
#3 /home/prime-zero.ml/public_html/vendor/codeigniter4/framework/system/View/View.php(217): CodeIgniter\View\View->CodeIgniter\View\{closure}()
#4 /home/prime-zero.ml/public_html/vendor/codeigniter4/framework/system/Common.php(1097): CodeIgniter\View\View->render()
#5 /home/prime-zero.ml/public_html/app/Controllers/User.php(35): view()
#6 /home/prime-zero.ml/public_html/vendor/codeigniter4/framework/system/CodeIgniter.php(824): App\Controllers\User->index()
#7 /home/prime-zero.ml/public_html/vendor/codeigniter4/framework/system/CodeIgniter.php(410): CodeIgniter\CodeIgniter->runController()
#8 /home/prime-zero.ml/public_html/vendor/codeigniter4/framework/system/CodeIgniter.php(318): CodeIgniter\CodeIgniter->handleRequest()
#9 /home/prime-zero.ml/public_html/public/index.php(37): CodeIgniter\CodeIgniter->run()
#10 {main}
CRITICAL - 2022-11-27 09:26:11 --> Table 'prim_newpanel.credit' doesn't exist
#0 /home/prime-zero.ml/public_html/app/Views/User/dashboard.php(7): mysqli_query()
#1 /home/prime-zero.ml/public_html/vendor/codeigniter4/framework/system/View/View.php(214): include('/home/prime-zer...')
#2 /home/prime-zero.ml/public_html/vendor/codeigniter4/framework/system/View/View.php(217): CodeIgniter\View\View->CodeIgniter\View\{closure}()
#3 /home/prime-zero.ml/public_html/vendor/codeigniter4/framework/system/Common.php(1097): CodeIgniter\View\View->render()
#4 /home/prime-zero.ml/public_html/app/Controllers/User.php(35): view()
#5 /home/prime-zero.ml/public_html/vendor/codeigniter4/framework/system/CodeIgniter.php(824): App\Controllers\User->index()
#6 /home/prime-zero.ml/public_html/vendor/codeigniter4/framework/system/CodeIgniter.php(410): CodeIgniter\CodeIgniter->runController()
#7 /home/prime-zero.ml/public_html/vendor/codeigniter4/framework/system/CodeIgniter.php(318): CodeIgniter\CodeIgniter->handleRequest()
#8 /home/prime-zero.ml/public_html/public/index.php(37): CodeIgniter\CodeIgniter->run()
#9 {main}
CRITICAL - 2022-11-27 09:27:31 --> Table 'prim_newpanel.credit' doesn't exist
#0 /home/prime-zero.ml/public_html/app/Views/User/dashboard.php(7): mysqli_query()
#1 /home/prime-zero.ml/public_html/vendor/codeigniter4/framework/system/View/View.php(214): include('/home/prime-zer...')
#2 /home/prime-zero.ml/public_html/vendor/codeigniter4/framework/system/View/View.php(217): CodeIgniter\View\View->CodeIgniter\View\{closure}()
#3 /home/prime-zero.ml/public_html/vendor/codeigniter4/framework/system/Common.php(1097): CodeIgniter\View\View->render()
#4 /home/prime-zero.ml/public_html/app/Controllers/User.php(35): view()
#5 /home/prime-zero.ml/public_html/vendor/codeigniter4/framework/system/CodeIgniter.php(824): App\Controllers\User->index()
#6 /home/prime-zero.ml/public_html/vendor/codeigniter4/framework/system/CodeIgniter.php(410): CodeIgniter\CodeIgniter->runController()
#7 /home/prime-zero.ml/public_html/vendor/codeigniter4/framework/system/CodeIgniter.php(318): CodeIgniter\CodeIgniter->handleRequest()
#8 /home/prime-zero.ml/public_html/public/index.php(37): CodeIgniter\CodeIgniter->run()
#9 {main}
