CRITICAL - 2023-12-05 19:32:02 --> Trying to access array offset on value of type null
#0 /home/modvipxy/bablu.modvip.xyz/app/Controllers/Connect.php(198): CodeIgniter\Debug\Exceptions->errorHandler(8, 'Trying to acces...', '/home/modvipxy/...', 198, Array)
#1 /home/modvipxy/bablu.modvip.xyz/app/Controllers/Connect.php(34): App\Controllers\Connect->index_post()
#2 /home/modvipxy/bablu.modvip.xyz/vendor/codeigniter4/framework/system/CodeIgniter.php(824): App\Controllers\Connect->index()
#3 /home/modvipxy/bablu.modvip.xyz/vendor/codeigniter4/framework/system/CodeIgniter.php(410): CodeIgniter\CodeIgniter->runController(Object(App\Controllers\Connect))
#4 /home/modvipxy/bablu.modvip.xyz/vendor/codeigniter4/framework/system/CodeIgniter.php(318): CodeIgniter\CodeIgniter->handleRequest(NULL, Object(Config\Cache), false)
#5 /home/modvipxy/bablu.modvip.xyz/index.php(37): CodeIgniter\CodeIgniter->run()
#6 {main}
CRITICAL - 2023-12-05 19:32:16 --> Trying to access array offset on value of type null
#0 /home/modvipxy/bablu.modvip.xyz/app/Controllers/Connect.php(198): CodeIgniter\Debug\Exceptions->errorHandler(8, 'Trying to acces...', '/home/modvipxy/...', 198, Array)
#1 /home/modvipxy/bablu.modvip.xyz/app/Controllers/Connect.php(34): App\Controllers\Connect->index_post()
#2 /home/modvipxy/bablu.modvip.xyz/vendor/codeigniter4/framework/system/CodeIgniter.php(824): App\Controllers\Connect->index()
#3 /home/modvipxy/bablu.modvip.xyz/vendor/codeigniter4/framework/system/CodeIgniter.php(410): CodeIgniter\CodeIgniter->runController(Object(App\Controllers\Connect))
#4 /home/modvipxy/bablu.modvip.xyz/vendor/codeigniter4/framework/system/CodeIgniter.php(318): CodeIgniter\CodeIgniter->handleRequest(NULL, Object(Config\Cache), false)
#5 /home/modvipxy/bablu.modvip.xyz/index.php(37): CodeIgniter\CodeIgniter->run()
#6 {main}
CRITICAL - 2023-12-05 19:32:24 --> Trying to access array offset on value of type null
#0 /home/modvipxy/bablu.modvip.xyz/app/Controllers/Connect.php(198): CodeIgniter\Debug\Exceptions->errorHandler(8, 'Trying to acces...', '/home/modvipxy/...', 198, Array)
#1 /home/modvipxy/bablu.modvip.xyz/app/Controllers/Connect.php(34): App\Controllers\Connect->index_post()
#2 /home/modvipxy/bablu.modvip.xyz/vendor/codeigniter4/framework/system/CodeIgniter.php(824): App\Controllers\Connect->index()
#3 /home/modvipxy/bablu.modvip.xyz/vendor/codeigniter4/framework/system/CodeIgniter.php(410): CodeIgniter\CodeIgniter->runController(Object(App\Controllers\Connect))
#4 /home/modvipxy/bablu.modvip.xyz/vendor/codeigniter4/framework/system/CodeIgniter.php(318): CodeIgniter\CodeIgniter->handleRequest(NULL, Object(Config\Cache), false)
#5 /home/modvipxy/bablu.modvip.xyz/index.php(37): CodeIgniter\CodeIgniter->run()
#6 {main}
CRITICAL - 2023-12-05 19:32:30 --> Trying to access array offset on value of type null
#0 /home/modvipxy/bablu.modvip.xyz/app/Controllers/Connect.php(198): CodeIgniter\Debug\Exceptions->errorHandler(8, 'Trying to acces...', '/home/modvipxy/...', 198, Array)
#1 /home/modvipxy/bablu.modvip.xyz/app/Controllers/Connect.php(34): App\Controllers\Connect->index_post()
#2 /home/modvipxy/bablu.modvip.xyz/vendor/codeigniter4/framework/system/CodeIgniter.php(824): App\Controllers\Connect->index()
#3 /home/modvipxy/bablu.modvip.xyz/vendor/codeigniter4/framework/system/CodeIgniter.php(410): CodeIgniter\CodeIgniter->runController(Object(App\Controllers\Connect))
#4 /home/modvipxy/bablu.modvip.xyz/vendor/codeigniter4/framework/system/CodeIgniter.php(318): CodeIgniter\CodeIgniter->handleRequest(NULL, Object(Config\Cache), false)
#5 /home/modvipxy/bablu.modvip.xyz/index.php(37): CodeIgniter\CodeIgniter->run()
#6 {main}
CRITICAL - 2023-12-05 19:32:37 --> Trying to access array offset on value of type null
#0 /home/modvipxy/bablu.modvip.xyz/app/Controllers/Connect.php(198): CodeIgniter\Debug\Exceptions->errorHandler(8, 'Trying to acces...', '/home/modvipxy/...', 198, Array)
#1 /home/modvipxy/bablu.modvip.xyz/app/Controllers/Connect.php(34): App\Controllers\Connect->index_post()
#2 /home/modvipxy/bablu.modvip.xyz/vendor/codeigniter4/framework/system/CodeIgniter.php(824): App\Controllers\Connect->index()
#3 /home/modvipxy/bablu.modvip.xyz/vendor/codeigniter4/framework/system/CodeIgniter.php(410): CodeIgniter\CodeIgniter->runController(Object(App\Controllers\Connect))
#4 /home/modvipxy/bablu.modvip.xyz/vendor/codeigniter4/framework/system/CodeIgniter.php(318): CodeIgniter\CodeIgniter->handleRequest(NULL, Object(Config\Cache), false)
#5 /home/modvipxy/bablu.modvip.xyz/index.php(37): CodeIgniter\CodeIgniter->run()
#6 {main}
CRITICAL - 2023-12-05 19:32:43 --> Trying to access array offset on value of type null
#0 /home/modvipxy/bablu.modvip.xyz/app/Controllers/Connect.php(198): CodeIgniter\Debug\Exceptions->errorHandler(8, 'Trying to acces...', '/home/modvipxy/...', 198, Array)
#1 /home/modvipxy/bablu.modvip.xyz/app/Controllers/Connect.php(34): App\Controllers\Connect->index_post()
#2 /home/modvipxy/bablu.modvip.xyz/vendor/codeigniter4/framework/system/CodeIgniter.php(824): App\Controllers\Connect->index()
#3 /home/modvipxy/bablu.modvip.xyz/vendor/codeigniter4/framework/system/CodeIgniter.php(410): CodeIgniter\CodeIgniter->runController(Object(App\Controllers\Connect))
#4 /home/modvipxy/bablu.modvip.xyz/vendor/codeigniter4/framework/system/CodeIgniter.php(318): CodeIgniter\CodeIgniter->handleRequest(NULL, Object(Config\Cache), false)
#5 /home/modvipxy/bablu.modvip.xyz/index.php(37): CodeIgniter\CodeIgniter->run()
#6 {main}
CRITICAL - 2023-12-05 19:32:51 --> Trying to access array offset on value of type null
#0 /home/modvipxy/bablu.modvip.xyz/app/Controllers/Connect.php(198): CodeIgniter\Debug\Exceptions->errorHandler(8, 'Trying to acces...', '/home/modvipxy/...', 198, Array)
#1 /home/modvipxy/bablu.modvip.xyz/app/Controllers/Connect.php(34): App\Controllers\Connect->index_post()
#2 /home/modvipxy/bablu.modvip.xyz/vendor/codeigniter4/framework/system/CodeIgniter.php(824): App\Controllers\Connect->index()
#3 /home/modvipxy/bablu.modvip.xyz/vendor/codeigniter4/framework/system/CodeIgniter.php(410): CodeIgniter\CodeIgniter->runController(Object(App\Controllers\Connect))
#4 /home/modvipxy/bablu.modvip.xyz/vendor/codeigniter4/framework/system/CodeIgniter.php(318): CodeIgniter\CodeIgniter->handleRequest(NULL, Object(Config\Cache), false)
#5 /home/modvipxy/bablu.modvip.xyz/index.php(37): CodeIgniter\CodeIgniter->run()
#6 {main}
CRITICAL - 2023-12-05 19:32:55 --> Trying to access array offset on value of type null
#0 /home/modvipxy/bablu.modvip.xyz/app/Controllers/Connect.php(198): CodeIgniter\Debug\Exceptions->errorHandler(8, 'Trying to acces...', '/home/modvipxy/...', 198, Array)
#1 /home/modvipxy/bablu.modvip.xyz/app/Controllers/Connect.php(34): App\Controllers\Connect->index_post()
#2 /home/modvipxy/bablu.modvip.xyz/vendor/codeigniter4/framework/system/CodeIgniter.php(824): App\Controllers\Connect->index()
#3 /home/modvipxy/bablu.modvip.xyz/vendor/codeigniter4/framework/system/CodeIgniter.php(410): CodeIgniter\CodeIgniter->runController(Object(App\Controllers\Connect))
#4 /home/modvipxy/bablu.modvip.xyz/vendor/codeigniter4/framework/system/CodeIgniter.php(318): CodeIgniter\CodeIgniter->handleRequest(NULL, Object(Config\Cache), false)
#5 /home/modvipxy/bablu.modvip.xyz/index.php(37): CodeIgniter\CodeIgniter->run()
#6 {main}
CRITICAL - 2023-12-05 19:42:04 --> Trying to access array offset on value of type null
#0 /home/modvipxy/bablu.modvip.xyz/app/Controllers/Connect.php(198): CodeIgniter\Debug\Exceptions->errorHandler(8, 'Trying to acces...', '/home/modvipxy/...', 198, Array)
#1 /home/modvipxy/bablu.modvip.xyz/app/Controllers/Connect.php(34): App\Controllers\Connect->index_post()
#2 /home/modvipxy/bablu.modvip.xyz/vendor/codeigniter4/framework/system/CodeIgniter.php(824): App\Controllers\Connect->index()
#3 /home/modvipxy/bablu.modvip.xyz/vendor/codeigniter4/framework/system/CodeIgniter.php(410): CodeIgniter\CodeIgniter->runController(Object(App\Controllers\Connect))
#4 /home/modvipxy/bablu.modvip.xyz/vendor/codeigniter4/framework/system/CodeIgniter.php(318): CodeIgniter\CodeIgniter->handleRequest(NULL, Object(Config\Cache), false)
#5 /home/modvipxy/bablu.modvip.xyz/index.php(37): CodeIgniter\CodeIgniter->run()
#6 {main}
CRITICAL - 2023-12-05 19:54:41 --> Trying to access array offset on value of type null
#0 /home/modvipxy/bablu.modvip.xyz/app/Controllers/Connect.php(198): CodeIgniter\Debug\Exceptions->errorHandler(8, 'Trying to acces...', '/home/modvipxy/...', 198, Array)
#1 /home/modvipxy/bablu.modvip.xyz/app/Controllers/Connect.php(34): App\Controllers\Connect->index_post()
#2 /home/modvipxy/bablu.modvip.xyz/vendor/codeigniter4/framework/system/CodeIgniter.php(824): App\Controllers\Connect->index()
#3 /home/modvipxy/bablu.modvip.xyz/vendor/codeigniter4/framework/system/CodeIgniter.php(410): CodeIgniter\CodeIgniter->runController(Object(App\Controllers\Connect))
#4 /home/modvipxy/bablu.modvip.xyz/vendor/codeigniter4/framework/system/CodeIgniter.php(318): CodeIgniter\CodeIgniter->handleRequest(NULL, Object(Config\Cache), false)
#5 /home/modvipxy/bablu.modvip.xyz/index.php(37): CodeIgniter\CodeIgniter->run()
#6 {main}
CRITICAL - 2023-12-05 19:54:41 --> Trying to access array offset on value of type null
#0 /home/modvipxy/bablu.modvip.xyz/app/Controllers/Connect.php(198): CodeIgniter\Debug\Exceptions->errorHandler(8, 'Trying to acces...', '/home/modvipxy/...', 198, Array)
#1 /home/modvipxy/bablu.modvip.xyz/app/Controllers/Connect.php(34): App\Controllers\Connect->index_post()
#2 /home/modvipxy/bablu.modvip.xyz/vendor/codeigniter4/framework/system/CodeIgniter.php(824): App\Controllers\Connect->index()
#3 /home/modvipxy/bablu.modvip.xyz/vendor/codeigniter4/framework/system/CodeIgniter.php(410): CodeIgniter\CodeIgniter->runController(Object(App\Controllers\Connect))
#4 /home/modvipxy/bablu.modvip.xyz/vendor/codeigniter4/framework/system/CodeIgniter.php(318): CodeIgniter\CodeIgniter->handleRequest(NULL, Object(Config\Cache), false)
#5 /home/modvipxy/bablu.modvip.xyz/index.php(37): CodeIgniter\CodeIgniter->run()
#6 {main}
CRITICAL - 2023-12-05 19:54:47 --> Trying to access array offset on value of type null
#0 /home/modvipxy/bablu.modvip.xyz/app/Controllers/Connect.php(198): CodeIgniter\Debug\Exceptions->errorHandler(8, 'Trying to acces...', '/home/modvipxy/...', 198, Array)
#1 /home/modvipxy/bablu.modvip.xyz/app/Controllers/Connect.php(34): App\Controllers\Connect->index_post()
#2 /home/modvipxy/bablu.modvip.xyz/vendor/codeigniter4/framework/system/CodeIgniter.php(824): App\Controllers\Connect->index()
#3 /home/modvipxy/bablu.modvip.xyz/vendor/codeigniter4/framework/system/CodeIgniter.php(410): CodeIgniter\CodeIgniter->runController(Object(App\Controllers\Connect))
#4 /home/modvipxy/bablu.modvip.xyz/vendor/codeigniter4/framework/system/CodeIgniter.php(318): CodeIgniter\CodeIgniter->handleRequest(NULL, Object(Config\Cache), false)
#5 /home/modvipxy/bablu.modvip.xyz/index.php(37): CodeIgniter\CodeIgniter->run()
#6 {main}
CRITICAL - 2023-12-05 20:39:08 --> Trying to access array offset on value of type null
#0 /home/modvipxy/bablu.modvip.xyz/app/Controllers/Connect.php(198): CodeIgniter\Debug\Exceptions->errorHandler(8, 'Trying to acces...', '/home/modvipxy/...', 198, Array)
#1 /home/modvipxy/bablu.modvip.xyz/app/Controllers/Connect.php(34): App\Controllers\Connect->index_post()
#2 /home/modvipxy/bablu.modvip.xyz/vendor/codeigniter4/framework/system/CodeIgniter.php(824): App\Controllers\Connect->index()
#3 /home/modvipxy/bablu.modvip.xyz/vendor/codeigniter4/framework/system/CodeIgniter.php(410): CodeIgniter\CodeIgniter->runController(Object(App\Controllers\Connect))
#4 /home/modvipxy/bablu.modvip.xyz/vendor/codeigniter4/framework/system/CodeIgniter.php(318): CodeIgniter\CodeIgniter->handleRequest(NULL, Object(Config\Cache), false)
#5 /home/modvipxy/bablu.modvip.xyz/index.php(37): CodeIgniter\CodeIgniter->run()
#6 {main}
CRITICAL - 2023-12-05 20:57:07 --> Trying to access array offset on value of type null
#0 /home/modvipxy/bablu.modvip.xyz/app/Controllers/Connect.php(198): CodeIgniter\Debug\Exceptions->errorHandler(8, 'Trying to acces...', '/home/modvipxy/...', 198, Array)
#1 /home/modvipxy/bablu.modvip.xyz/app/Controllers/Connect.php(34): App\Controllers\Connect->index_post()
#2 /home/modvipxy/bablu.modvip.xyz/vendor/codeigniter4/framework/system/CodeIgniter.php(824): App\Controllers\Connect->index()
#3 /home/modvipxy/bablu.modvip.xyz/vendor/codeigniter4/framework/system/CodeIgniter.php(410): CodeIgniter\CodeIgniter->runController(Object(App\Controllers\Connect))
#4 /home/modvipxy/bablu.modvip.xyz/vendor/codeigniter4/framework/system/CodeIgniter.php(318): CodeIgniter\CodeIgniter->handleRequest(NULL, Object(Config\Cache), false)
#5 /home/modvipxy/bablu.modvip.xyz/index.php(37): CodeIgniter\CodeIgniter->run()
#6 {main}
CRITICAL - 2023-12-05 20:57:15 --> Trying to access array offset on value of type null
#0 /home/modvipxy/bablu.modvip.xyz/app/Controllers/Connect.php(198): CodeIgniter\Debug\Exceptions->errorHandler(8, 'Trying to acces...', '/home/modvipxy/...', 198, Array)
#1 /home/modvipxy/bablu.modvip.xyz/app/Controllers/Connect.php(34): App\Controllers\Connect->index_post()
#2 /home/modvipxy/bablu.modvip.xyz/vendor/codeigniter4/framework/system/CodeIgniter.php(824): App\Controllers\Connect->index()
#3 /home/modvipxy/bablu.modvip.xyz/vendor/codeigniter4/framework/system/CodeIgniter.php(410): CodeIgniter\CodeIgniter->runController(Object(App\Controllers\Connect))
#4 /home/modvipxy/bablu.modvip.xyz/vendor/codeigniter4/framework/system/CodeIgniter.php(318): CodeIgniter\CodeIgniter->handleRequest(NULL, Object(Config\Cache), false)
#5 /home/modvipxy/bablu.modvip.xyz/index.php(37): CodeIgniter\CodeIgniter->run()
#6 {main}
